{"/home/travis/build/npmtest/node-npmtest-siege/test.js":{"path":"/home/travis/build/npmtest/node-npmtest-siege/test.js","s":{"1":2,"2":2,"3":2,"4":2,"5":2,"6":2,"7":2,"8":1,"9":2,"10":2,"11":1,"12":1,"13":1,"14":1,"15":2,"16":2,"17":2,"18":2,"19":1,"20":1,"21":2,"22":2,"23":2,"24":1,"25":1,"26":1,"27":1,"28":1,"29":1,"30":1,"31":1,"32":1,"33":1,"34":1,"35":1,"36":1,"37":1,"38":1,"39":2,"40":2,"41":1,"42":2,"43":2,"44":1,"45":2,"46":2,"47":1,"48":2,"49":2,"50":1,"51":1,"52":1,"53":1,"54":1},"b":{"1":[2,1,1,1],"2":[1,1,1,1],"3":[1,1],"4":[1,1],"5":[1,1],"6":[1,1],"7":[1,1],"8":[1,1],"9":[1,1],"10":[1,1,1],"11":[1,1],"12":[1,1],"13":[1,1],"14":[1,1],"15":[1,1],"16":[1,1],"17":[1,1]},"f":{"1":2,"2":2,"3":2,"4":2,"5":2,"6":1,"7":1,"8":1,"9":2,"10":2,"11":2,"12":2,"13":1},"fnMap":{"1":{"name":"(anonymous_1)","line":12,"loc":{"start":{"line":12,"column":1},"end":{"line":12,"column":13}}},"2":{"name":"(anonymous_2)","line":19,"loc":{"start":{"line":19,"column":5},"end":{"line":19,"column":17}}},"3":{"name":"(anonymous_3)","line":23,"loc":{"start":{"line":23,"column":24},"end":{"line":23,"column":36}}},"4":{"name":"(anonymous_4)","line":61,"loc":{"start":{"line":61,"column":5},"end":{"line":61,"column":17}}},"5":{"name":"(anonymous_5)","line":82,"loc":{"start":{"line":82,"column":5},"end":{"line":82,"column":17}}},"6":{"name":"(anonymous_6)","line":91,"loc":{"start":{"line":91,"column":77},"end":{"line":94,"column":10}}},"7":{"name":"(anonymous_7)","line":112,"loc":{"start":{"line":112,"column":83},"end":{"line":115,"column":10}},"skip":true},"8":{"name":"(anonymous_8)","line":123,"loc":{"start":{"line":123,"column":77},"end":{"line":126,"column":10}},"skip":true},"9":{"name":"(anonymous_9)","line":139,"loc":{"start":{"line":139,"column":12},"end":{"line":139,"column":40}},"skip":true},"10":{"name":"(anonymous_10)","line":147,"loc":{"start":{"line":147,"column":77},"end":{"line":150,"column":10}},"skip":true},"11":{"name":"(anonymous_11)","line":158,"loc":{"start":{"line":158,"column":83},"end":{"line":161,"column":10}},"skip":true},"12":{"name":"(anonymous_12)","line":169,"loc":{"start":{"line":169,"column":79},"end":{"line":172,"column":10}},"skip":true},"13":{"name":"(anonymous_13)","line":180,"loc":{"start":{"line":180,"column":75},"end":{"line":183,"column":10}},"skip":true}},"statementMap":{"1":{"start":{"line":12,"column":0},"end":{"line":195,"column":5}},"2":{"start":{"line":14,"column":4},"end":{"line":14,"column":14}},"3":{"start":{"line":19,"column":4},"end":{"line":56,"column":9}},"4":{"start":{"line":21,"column":8},"end":{"line":21,"column":19}},"5":{"start":{"line":23,"column":8},"end":{"line":35,"column":13}},"6":{"start":{"line":24,"column":12},"end":{"line":34,"column":13}},"7":{"start":{"line":25,"column":16},"end":{"line":28,"column":30}},"8":{"start":{"line":30,"column":16},"end":{"line":33,"column":27}},"9":{"start":{"line":37,"column":8},"end":{"line":39,"column":21}},"10":{"start":{"line":40,"column":8},"end":{"line":53,"column":9}},"11":{"start":{"line":43,"column":12},"end":{"line":46,"column":14}},"12":{"start":{"line":47,"column":12},"end":{"line":47,"column":18}},"13":{"start":{"line":50,"column":12},"end":{"line":51,"column":46}},"14":{"start":{"line":52,"column":12},"end":{"line":52,"column":18}},"15":{"start":{"line":55,"column":8},"end":{"line":55,"column":35}},"16":{"start":{"line":61,"column":4},"end":{"line":63,"column":9}},"17":{"start":{"line":62,"column":8},"end":{"line":62,"column":15}},"18":{"start":{"line":64,"column":4},"end":{"line":77,"column":5}},"19":{"start":{"line":70,"column":8},"end":{"line":70,"column":14}},"20":{"start":{"line":76,"column":8},"end":{"line":76,"column":14}},"21":{"start":{"line":82,"column":4},"end":{"line":84,"column":9}},"22":{"start":{"line":83,"column":8},"end":{"line":83,"column":15}},"23":{"start":{"line":85,"column":4},"end":{"line":194,"column":5}},"24":{"start":{"line":91,"column":8},"end":{"line":99,"column":10}},"25":{"start":{"line":98,"column":12},"end":{"line":98,"column":35}},"26":{"start":{"line":102,"column":8},"end":{"line":104,"column":63}},"27":{"start":{"line":105,"column":8},"end":{"line":105,"column":14}},"28":{"start":{"line":112,"column":8},"end":{"line":121,"column":10},"skip":true},"29":{"start":{"line":119,"column":12},"end":{"line":119,"column":55},"skip":true},"30":{"start":{"line":120,"column":12},"end":{"line":120,"column":48},"skip":true},"31":{"start":{"line":123,"column":8},"end":{"line":136,"column":10},"skip":true},"32":{"start":{"line":130,"column":12},"end":{"line":130,"column":76},"skip":true},"33":{"start":{"line":131,"column":12},"end":{"line":131,"column":73},"skip":true},"34":{"start":{"line":132,"column":12},"end":{"line":132,"column":74},"skip":true},"35":{"start":{"line":133,"column":12},"end":{"line":133,"column":79},"skip":true},"36":{"start":{"line":134,"column":12},"end":{"line":134,"column":25},"skip":true},"37":{"start":{"line":135,"column":12},"end":{"line":135,"column":45},"skip":true},"38":{"start":{"line":138,"column":8},"end":{"line":145,"column":14},"skip":true},"39":{"start":{"line":143,"column":16},"end":{"line":143,"column":29},"skip":true},"40":{"start":{"line":144,"column":16},"end":{"line":144,"column":55},"skip":true},"41":{"start":{"line":147,"column":8},"end":{"line":156,"column":10},"skip":true},"42":{"start":{"line":154,"column":12},"end":{"line":154,"column":25},"skip":true},"43":{"start":{"line":155,"column":12},"end":{"line":155,"column":45},"skip":true},"44":{"start":{"line":158,"column":8},"end":{"line":167,"column":10},"skip":true},"45":{"start":{"line":165,"column":12},"end":{"line":165,"column":25},"skip":true},"46":{"start":{"line":166,"column":12},"end":{"line":166,"column":48},"skip":true},"47":{"start":{"line":169,"column":8},"end":{"line":178,"column":10},"skip":true},"48":{"start":{"line":176,"column":12},"end":{"line":176,"column":25},"skip":true},"49":{"start":{"line":177,"column":12},"end":{"line":177,"column":46},"skip":true},"50":{"start":{"line":180,"column":8},"end":{"line":189,"column":10},"skip":true},"51":{"start":{"line":187,"column":12},"end":{"line":187,"column":94},"skip":true},"52":{"start":{"line":188,"column":12},"end":{"line":188,"column":48},"skip":true},"53":{"start":{"line":192,"column":8},"end":{"line":192,"column":35},"skip":true},"54":{"start":{"line":193,"column":8},"end":{"line":193,"column":14},"skip":true}},"branchMap":{"1":{"line":25,"type":"binary-expr","locations":[{"start":{"line":25,"column":23},"end":{"line":25,"column":62}},{"start":{"line":26,"column":20},"end":{"line":26,"column":70}},{"start":{"line":27,"column":20},"end":{"line":27,"column":71}},{"start":{"line":28,"column":20},"end":{"line":28,"column":29}}]},"2":{"line":30,"type":"binary-expr","locations":[{"start":{"line":30,"column":23},"end":{"line":30,"column":37}},{"start":{"line":31,"column":20},"end":{"line":31,"column":61}},{"start":{"line":32,"column":20},"end":{"line":32,"column":70}},{"start":{"line":33,"column":20},"end":{"line":33,"column":26}}]},"3":{"line":37,"type":"cond-expr","locations":[{"start":{"line":38,"column":14},"end":{"line":38,"column":20}},{"start":{"line":39,"column":14},"end":{"line":39,"column":20}}]},"4":{"line":40,"type":"switch","locations":[{"start":{"line":42,"column":8},"end":{"line":47,"column":18}},{"start":{"line":49,"column":8},"end":{"line":52,"column":18}}]},"5":{"line":44,"type":"binary-expr","locations":[{"start":{"line":44,"column":16},"end":{"line":44,"column":44}},{"start":{"line":44,"column":48},"end":{"line":44,"column":66}}]},"6":{"line":50,"type":"binary-expr","locations":[{"start":{"line":50,"column":21},"end":{"line":50,"column":49}},{"start":{"line":50,"column":53},"end":{"line":50,"column":72}}]},"7":{"line":64,"type":"switch","locations":[{"start":{"line":69,"column":4},"end":{"line":70,"column":14}},{"start":{"line":75,"column":4},"end":{"line":76,"column":14}}]},"8":{"line":85,"type":"switch","locations":[{"start":{"line":90,"column":4},"end":{"line":105,"column":14}},{"start":{"line":111,"column":4},"end":{"line":193,"column":14},"skip":true}]},"9":{"line":91,"type":"binary-expr","locations":[{"start":{"line":91,"column":42},"end":{"line":91,"column":73}},{"start":{"line":91,"column":77},"end":{"line":99,"column":9}}]},"10":{"line":102,"type":"binary-expr","locations":[{"start":{"line":102,"column":18},"end":{"line":102,"column":32}},{"start":{"line":103,"column":12},"end":{"line":103,"column":53}},{"start":{"line":104,"column":12},"end":{"line":104,"column":61}}]},"11":{"line":112,"type":"binary-expr","locations":[{"start":{"line":112,"column":45},"end":{"line":112,"column":79},"skip":true},{"start":{"line":112,"column":83},"end":{"line":121,"column":9},"skip":true}]},"12":{"line":123,"type":"binary-expr","locations":[{"start":{"line":123,"column":42},"end":{"line":123,"column":73},"skip":true},{"start":{"line":123,"column":77},"end":{"line":136,"column":9},"skip":true}]},"13":{"line":138,"type":"binary-expr","locations":[{"start":{"line":138,"column":48},"end":{"line":138,"column":85},"skip":true},{"start":{"line":139,"column":12},"end":{"line":145,"column":13},"skip":true}]},"14":{"line":147,"type":"binary-expr","locations":[{"start":{"line":147,"column":42},"end":{"line":147,"column":73},"skip":true},{"start":{"line":147,"column":77},"end":{"line":156,"column":9},"skip":true}]},"15":{"line":158,"type":"binary-expr","locations":[{"start":{"line":158,"column":45},"end":{"line":158,"column":79},"skip":true},{"start":{"line":158,"column":83},"end":{"line":167,"column":9},"skip":true}]},"16":{"line":169,"type":"binary-expr","locations":[{"start":{"line":169,"column":43},"end":{"line":169,"column":75},"skip":true},{"start":{"line":169,"column":79},"end":{"line":178,"column":9},"skip":true}]},"17":{"line":180,"type":"binary-expr","locations":[{"start":{"line":180,"column":41},"end":{"line":180,"column":71},"skip":true},{"start":{"line":180,"column":75},"end":{"line":189,"column":9},"skip":true}]}},"code":["/* istanbul instrument in package npmtest_siege */","/*jslint","    bitwise: true,","    browser: true,","    maxerr: 8,","    maxlen: 96,","    node: true,","    nomen: true,","    regexp: true,","    stupid: true","*/","(function () {","    'use strict';","    var local;","","","","    // run shared js-env code - pre-init","    (function () {","        // init local","        local = {};","        // init modeJs","        local.modeJs = (function () {","            try {","                return typeof navigator.userAgent === 'string' &&","                    typeof document.querySelector('body') === 'object' &&","                    typeof XMLHttpRequest.prototype.open === 'function' &&","                    'browser';","            } catch (errorCaughtBrowser) {","                return module.exports &&","                    typeof process.versions.node === 'string' &&","                    typeof require('http').createServer === 'function' &&","                    'node';","            }","        }());","        // init global","        local.global = local.modeJs === 'browser'","            ? window","            : global;","        switch (local.modeJs) {","        // re-init local from window.local","        case 'browser':","            local = local.global.utility2.objectSetDefault(","                local.global.utility2_rollup || local.global.local,","                local.global.utility2","            );","            break;","        // re-init local from example.js","        case 'node':","            local = (local.global.utility2_rollup || require('utility2'))","                .requireExampleJsFromReadme();","            break;","        }","        // export local","        local.global.local = local;","    }());","","","","    // run shared js-env code - function","    (function () {","        return;","    }());","    switch (local.modeJs) {","","","","    // run browser js-env code - function","    case 'browser':","        break;","","","","    // run node js-env code - function","    case 'node':","        break;","    }","","","","    // run shared js-env code - post-init","    (function () {","        return;","    }());","    switch (local.modeJs) {","","","","    // run browser js-env code - post-init","    case 'browser':","        local.testCase_browser_nullCase = local.testCase_browser_nullCase || function (","            options,","            onError","        ) {","        /*","         * this function will test browsers's null-case handling-behavior-behavior","         */","            onError(null, options);","        };","","        // run tests","        local.nop(local.modeTest &&","            document.querySelector('#testRunButton1') &&","            document.querySelector('#testRunButton1').click());","        break;","","","","    // run node js-env code - post-init","    /* istanbul ignore next */","    case 'node':","        local.testCase_buildApidoc_default = local.testCase_buildApidoc_default || function (","            options,","            onError","        ) {","        /*","         * this function will test buildApidoc's default handling-behavior-behavior","         */","            options = { modulePathList: module.paths };","            local.buildApidoc(options, onError);","        };","","        local.testCase_buildApp_default = local.testCase_buildApp_default || function (","            options,","            onError","        ) {","        /*","         * this function will test buildApp's default handling-behavior-behavior","         */","            local.testCase_buildReadme_default(options, local.onErrorThrow);","            local.testCase_buildLib_default(options, local.onErrorThrow);","            local.testCase_buildTest_default(options, local.onErrorThrow);","            local.testCase_buildCustomOrg_default(options, local.onErrorThrow);","            options = [];","            local.buildApp(options, onError);","        };","","        local.testCase_buildCustomOrg_default = local.testCase_buildCustomOrg_default ||","            function (options, onError) {","            /*","             * this function will test buildCustomOrg's default handling-behavior","             */","                options = {};","                local.buildCustomOrg(options, onError);","            };","","        local.testCase_buildLib_default = local.testCase_buildLib_default || function (","            options,","            onError","        ) {","        /*","         * this function will test buildLib's default handling-behavior","         */","            options = {};","            local.buildLib(options, onError);","        };","","        local.testCase_buildReadme_default = local.testCase_buildReadme_default || function (","            options,","            onError","        ) {","        /*","         * this function will test buildReadme's default handling-behavior-behavior","         */","            options = {};","            local.buildReadme(options, onError);","        };","","        local.testCase_buildTest_default = local.testCase_buildTest_default || function (","            options,","            onError","        ) {","        /*","         * this function will test buildTest's default handling-behavior","         */","            options = {};","            local.buildTest(options, onError);","        };","","        local.testCase_webpage_default = local.testCase_webpage_default || function (","            options,","            onError","        ) {","        /*","         * this function will test webpage's default handling-behavior","         */","            options = { modeCoverageMerge: true, url: local.serverLocalHost + '?modeTest=1' };","            local.browserTest(options, onError);","        };","","        // run test-server","        local.testRunServer(local);","        break;","    }","}());",""],"l":{"12":2,"14":2,"19":2,"21":2,"23":2,"24":2,"25":2,"30":1,"37":2,"40":2,"43":1,"47":1,"50":1,"52":1,"55":2,"61":2,"62":2,"64":2,"70":1,"76":1,"82":2,"83":2,"85":2,"91":1,"98":1,"102":1,"105":1,"112":1,"119":1,"120":1,"123":1,"130":1,"131":1,"132":1,"133":1,"134":1,"135":1,"138":1,"143":2,"144":2,"147":1,"154":2,"155":2,"158":1,"165":2,"166":2,"169":1,"176":2,"177":2,"180":1,"187":1,"188":1,"192":1,"193":1}},"/home/travis/build/npmtest/node-npmtest-siege/lib.npmtest_siege.js":{"path":"/home/travis/build/npmtest/node-npmtest-siege/lib.npmtest_siege.js","s":{"1":2,"2":2,"3":2,"4":2,"5":2,"6":2,"7":2,"8":1,"9":2,"10":2,"11":2,"12":2,"13":1,"14":1,"15":1,"16":1},"b":{"1":[2,1,1,1],"2":[1,1,1,1],"3":[1,1],"4":[2,2],"5":[1,1]},"f":{"1":2,"2":2,"3":2},"fnMap":{"1":{"name":"(anonymous_1)","line":12,"loc":{"start":{"line":12,"column":1},"end":{"line":12,"column":13}}},"2":{"name":"(anonymous_2)","line":19,"loc":{"start":{"line":19,"column":5},"end":{"line":19,"column":17}}},"3":{"name":"(anonymous_3)","line":23,"loc":{"start":{"line":23,"column":24},"end":{"line":23,"column":36}}}},"statementMap":{"1":{"start":{"line":12,"column":0},"end":{"line":53,"column":5}},"2":{"start":{"line":14,"column":4},"end":{"line":14,"column":14}},"3":{"start":{"line":19,"column":4},"end":{"line":52,"column":9}},"4":{"start":{"line":21,"column":8},"end":{"line":21,"column":19}},"5":{"start":{"line":23,"column":8},"end":{"line":35,"column":13}},"6":{"start":{"line":24,"column":12},"end":{"line":34,"column":13}},"7":{"start":{"line":25,"column":16},"end":{"line":28,"column":30}},"8":{"start":{"line":30,"column":16},"end":{"line":33,"column":27}},"9":{"start":{"line":37,"column":8},"end":{"line":39,"column":21}},"10":{"start":{"line":41,"column":8},"end":{"line":41,"column":54}},"11":{"start":{"line":43,"column":8},"end":{"line":43,"column":50}},"12":{"start":{"line":45,"column":8},"end":{"line":51,"column":9}},"13":{"start":{"line":46,"column":12},"end":{"line":46,"column":56}},"14":{"start":{"line":48,"column":12},"end":{"line":48,"column":35}},"15":{"start":{"line":49,"column":12},"end":{"line":49,"column":49}},"16":{"start":{"line":50,"column":12},"end":{"line":50,"column":43}}},"branchMap":{"1":{"line":25,"type":"binary-expr","locations":[{"start":{"line":25,"column":23},"end":{"line":25,"column":62}},{"start":{"line":26,"column":20},"end":{"line":26,"column":70}},{"start":{"line":27,"column":20},"end":{"line":27,"column":71}},{"start":{"line":28,"column":20},"end":{"line":28,"column":29}}]},"2":{"line":30,"type":"binary-expr","locations":[{"start":{"line":30,"column":23},"end":{"line":30,"column":37}},{"start":{"line":31,"column":20},"end":{"line":31,"column":61}},{"start":{"line":32,"column":20},"end":{"line":32,"column":70}},{"start":{"line":33,"column":20},"end":{"line":33,"column":26}}]},"3":{"line":37,"type":"cond-expr","locations":[{"start":{"line":38,"column":14},"end":{"line":38,"column":20}},{"start":{"line":39,"column":14},"end":{"line":39,"column":20}}]},"4":{"line":41,"type":"binary-expr","locations":[{"start":{"line":41,"column":16},"end":{"line":41,"column":44}},{"start":{"line":41,"column":48},"end":{"line":41,"column":53}}]},"5":{"line":45,"type":"if","locations":[{"start":{"line":45,"column":8},"end":{"line":45,"column":8}},{"start":{"line":45,"column":8},"end":{"line":45,"column":8}}]}},"code":["/* istanbul instrument in package npmtest_siege */","/*jslint","    bitwise: true,","    browser: true,","    maxerr: 8,","    maxlen: 96,","    node: true,","    nomen: true,","    regexp: true,","    stupid: true","*/","(function () {","    'use strict';","    var local;","","","","    // run shared js-env code - pre-init","    (function () {","        // init local","        local = {};","        // init modeJs","        local.modeJs = (function () {","            try {","                return typeof navigator.userAgent === 'string' &&","                    typeof document.querySelector('body') === 'object' &&","                    typeof XMLHttpRequest.prototype.open === 'function' &&","                    'browser';","            } catch (errorCaughtBrowser) {","                return module.exports &&","                    typeof process.versions.node === 'string' &&","                    typeof require('http').createServer === 'function' &&","                    'node';","            }","        }());","        // init global","        local.global = local.modeJs === 'browser'","            ? window","            : global;","        // init utility2_rollup","        local = local.global.utility2_rollup || local;","        // init lib","        local.local = local.npmtest_siege = local;","        // init exports","        if (local.modeJs === 'browser') {","            local.global.utility2_npmtest_siege = local;","        } else {","            module.exports = local;","            module.exports.__dirname = __dirname;","            module.exports.module = module;","        }","    }());","}());",""],"l":{"12":2,"14":2,"19":2,"21":2,"23":2,"24":2,"25":2,"30":1,"37":2,"41":2,"43":2,"45":2,"46":1,"48":1,"49":1,"50":1}},"/home/travis/build/npmtest/node-npmtest-siege/example.js":{"path":"/home/travis/build/npmtest/node-npmtest-siege/example.js","s":{"1":2,"2":2,"3":2,"4":2,"5":2,"6":2,"7":2,"8":1,"9":2,"10":2,"11":2,"12":2,"13":1,"14":2,"15":2,"16":2,"17":2,"18":2,"19":0,"20":2,"21":1,"22":1,"23":1,"24":1,"25":1,"26":0,"27":0,"28":1,"29":1,"30":2,"31":0,"32":0,"33":0,"34":1,"35":2,"36":2,"37":3,"38":3,"39":3,"40":3,"41":0,"42":3,"43":3,"44":3,"45":1,"46":3,"47":1,"48":1,"49":1,"50":1,"51":1,"52":1,"53":1,"54":1,"55":1,"56":1,"57":0,"58":1,"59":6,"60":6,"61":1,"62":2,"63":0,"64":2,"65":1,"66":1,"67":0,"68":0,"69":0,"70":0,"71":0,"72":0,"73":0,"74":0,"75":0,"76":0,"77":0,"78":0,"79":0,"80":0,"81":0,"82":0,"83":0},"b":{"1":[2,1,1,1],"2":[1,1,1,1],"3":[1,1],"4":[2,2],"5":[1,1],"6":[1,1],"7":[2,0],"8":[2,1,1,1,1,1],"9":[0,2,0],"10":[1,1],"11":[2,1,1],"12":[1,0],"13":[0,2],"14":[2,0,0,0,0,0,0],"15":[0,3],"16":[3,0],"17":[1,1],"18":[0,1],"19":[1,2,0,2],"20":[1,0],"21":[1,1],"22":[0,0],"23":[0,0],"24":[0,0],"25":[0,0],"26":[0,0],"27":[0,0],"28":[0,0]},"f":{"1":2,"2":2,"3":2,"4":2,"5":2,"6":2,"7":3,"8":3,"9":3,"10":1,"11":6,"12":0},"fnMap":{"1":{"name":"(anonymous_1)","line":26,"loc":{"start":{"line":26,"column":1},"end":{"line":26,"column":13}}},"2":{"name":"(anonymous_2)","line":33,"loc":{"start":{"line":33,"column":5},"end":{"line":33,"column":17}}},"3":{"name":"(anonymous_3)","line":37,"loc":{"start":{"line":37,"column":24},"end":{"line":37,"column":36}}},"4":{"name":"(anonymous_4)","line":69,"loc":{"start":{"line":69,"column":31},"end":{"line":69,"column":48}},"skip":true},"5":{"name":"(anonymous_5)","line":78,"loc":{"start":{"line":78,"column":26},"end":{"line":78,"column":45}},"skip":true},"6":{"name":"(anonymous_6)","line":123,"loc":{"start":{"line":123,"column":33},"end":{"line":123,"column":48}},"skip":true},"7":{"name":"(anonymous_7)","line":125,"loc":{"start":{"line":125,"column":27},"end":{"line":125,"column":39}},"skip":true},"8":{"name":"(anonymous_8)","line":133,"loc":{"start":{"line":133,"column":59},"end":{"line":133,"column":74}},"skip":true},"9":{"name":"(anonymous_9)","line":143,"loc":{"start":{"line":143,"column":45},"end":{"line":143,"column":62}},"skip":true},"10":{"name":"(anonymous_10)","line":144,"loc":{"start":{"line":144,"column":73},"end":{"line":144,"column":92}},"skip":true},"11":{"name":"(anonymous_11)","line":272,"loc":{"start":{"line":272,"column":51},"end":{"line":272,"column":77}},"skip":true},"12":{"name":"(anonymous_12)","line":315,"loc":{"start":{"line":315,"column":32},"end":{"line":315,"column":61}},"skip":true}},"statementMap":{"1":{"start":{"line":26,"column":0},"end":{"line":326,"column":5}},"2":{"start":{"line":28,"column":4},"end":{"line":28,"column":14}},"3":{"start":{"line":33,"column":4},"end":{"line":60,"column":9}},"4":{"start":{"line":35,"column":8},"end":{"line":35,"column":19}},"5":{"start":{"line":37,"column":8},"end":{"line":49,"column":13}},"6":{"start":{"line":38,"column":12},"end":{"line":48,"column":13}},"7":{"start":{"line":39,"column":16},"end":{"line":42,"column":30}},"8":{"start":{"line":44,"column":16},"end":{"line":47,"column":27}},"9":{"start":{"line":51,"column":8},"end":{"line":53,"column":21}},"10":{"start":{"line":55,"column":8},"end":{"line":57,"column":45}},"11":{"start":{"line":59,"column":8},"end":{"line":59,"column":35}},"12":{"start":{"line":61,"column":4},"end":{"line":325,"column":5}},"13":{"start":{"line":69,"column":8},"end":{"line":121,"column":10},"skip":true},"14":{"start":{"line":70,"column":12},"end":{"line":88,"column":13},"skip":true},"15":{"start":{"line":76,"column":16},"end":{"line":87,"column":19},"skip":true},"16":{"start":{"line":79,"column":20},"end":{"line":86,"column":21},"skip":true},"17":{"start":{"line":82,"column":24},"end":{"line":82,"column":43},"skip":true},"18":{"start":{"line":83,"column":24},"end":{"line":83,"column":30},"skip":true},"19":{"start":{"line":85,"column":24},"end":{"line":85,"column":49},"skip":true},"20":{"start":{"line":89,"column":12},"end":{"line":107,"column":13},"skip":true},"21":{"start":{"line":92,"column":16},"end":{"line":102,"column":17},"skip":true},"22":{"start":{"line":93,"column":20},"end":{"line":93,"column":86},"skip":true},"23":{"start":{"line":94,"column":20},"end":{"line":95,"column":45},"skip":true},"24":{"start":{"line":96,"column":20},"end":{"line":96,"column":42},"skip":true},"25":{"start":{"line":97,"column":20},"end":{"line":97,"column":48},"skip":true},"26":{"start":{"line":100,"column":20},"end":{"line":100,"column":85},"skip":true},"27":{"start":{"line":101,"column":20},"end":{"line":101,"column":96},"skip":true},"28":{"start":{"line":103,"column":16},"end":{"line":103,"column":22},"skip":true},"29":{"start":{"line":106,"column":16},"end":{"line":106,"column":22},"skip":true},"30":{"start":{"line":108,"column":12},"end":{"line":120,"column":13},"skip":true},"31":{"start":{"line":114,"column":16},"end":{"line":119,"column":17},"skip":true},"32":{"start":{"line":116,"column":20},"end":{"line":116,"column":78},"skip":true},"33":{"start":{"line":118,"column":20},"end":{"line":118,"column":47},"skip":true},"34":{"start":{"line":123,"column":8},"end":{"line":141,"column":11},"skip":true},"35":{"start":{"line":124,"column":12},"end":{"line":124,"column":54},"skip":true},"36":{"start":{"line":125,"column":12},"end":{"line":140,"column":14},"skip":true},"37":{"start":{"line":126,"column":16},"end":{"line":126,"column":28},"skip":true},"38":{"start":{"line":127,"column":16},"end":{"line":127,"column":69},"skip":true},"39":{"start":{"line":128,"column":16},"end":{"line":128,"column":75},"skip":true},"40":{"start":{"line":129,"column":16},"end":{"line":131,"column":17},"skip":true},"41":{"start":{"line":130,"column":20},"end":{"line":130,"column":27},"skip":true},"42":{"start":{"line":133,"column":16},"end":{"line":137,"column":36},"skip":true},"43":{"start":{"line":134,"column":20},"end":{"line":136,"column":55},"skip":true},"44":{"start":{"line":139,"column":16},"end":{"line":139,"column":57},"skip":true},"45":{"start":{"line":143,"column":8},"end":{"line":147,"column":11},"skip":true},"46":{"start":{"line":144,"column":12},"end":{"line":146,"column":15},"skip":true},"47":{"start":{"line":145,"column":16},"end":{"line":145,"column":70},"skip":true},"48":{"start":{"line":149,"column":8},"end":{"line":149,"column":31},"skip":true},"49":{"start":{"line":150,"column":8},"end":{"line":150,"column":14},"skip":true},"50":{"start":{"line":158,"column":8},"end":{"line":158,"column":31},"skip":true},"51":{"start":{"line":160,"column":8},"end":{"line":160,"column":33},"skip":true},"52":{"start":{"line":161,"column":8},"end":{"line":161,"column":37},"skip":true},"53":{"start":{"line":162,"column":8},"end":{"line":162,"column":35},"skip":true},"54":{"start":{"line":164,"column":8},"end":{"line":164,"column":50},"skip":true},"55":{"start":{"line":166,"column":8},"end":{"line":256,"column":2},"skip":true},"56":{"start":{"line":258,"column":8},"end":{"line":286,"column":9},"skip":true},"57":{"start":{"line":259,"column":12},"end":{"line":269,"column":14},"skip":true},"58":{"start":{"line":271,"column":12},"end":{"line":285,"column":19},"skip":true},"59":{"start":{"line":274,"column":20},"end":{"line":274,"column":35},"skip":true},"60":{"start":{"line":275,"column":20},"end":{"line":284,"column":21},"skip":true},"61":{"start":{"line":277,"column":24},"end":{"line":277,"column":64},"skip":true},"62":{"start":{"line":279,"column":24},"end":{"line":279,"column":40},"skip":true},"63":{"start":{"line":281,"column":24},"end":{"line":281,"column":40},"skip":true},"64":{"start":{"line":283,"column":24},"end":{"line":283,"column":39},"skip":true},"65":{"start":{"line":288,"column":8},"end":{"line":290,"column":9},"skip":true},"66":{"start":{"line":289,"column":12},"end":{"line":289,"column":18},"skip":true},"67":{"start":{"line":291,"column":8},"end":{"line":293,"column":54},"skip":true},"68":{"start":{"line":296,"column":8},"end":{"line":301,"column":37},"skip":true},"69":{"start":{"line":303,"column":8},"end":{"line":303,"column":82},"skip":true},"70":{"start":{"line":306,"column":8},"end":{"line":308,"column":9},"skip":true},"71":{"start":{"line":307,"column":12},"end":{"line":307,"column":82},"skip":true},"72":{"start":{"line":310,"column":8},"end":{"line":312,"column":9},"skip":true},"73":{"start":{"line":311,"column":12},"end":{"line":311,"column":18},"skip":true},"74":{"start":{"line":313,"column":8},"end":{"line":313,"column":54},"skip":true},"75":{"start":{"line":314,"column":8},"end":{"line":314,"column":69},"skip":true},"76":{"start":{"line":315,"column":8},"end":{"line":323,"column":36},"skip":true},"77":{"start":{"line":316,"column":12},"end":{"line":316,"column":61},"skip":true},"78":{"start":{"line":317,"column":12},"end":{"line":320,"column":13},"skip":true},"79":{"start":{"line":318,"column":16},"end":{"line":318,"column":75},"skip":true},"80":{"start":{"line":319,"column":16},"end":{"line":319,"column":23},"skip":true},"81":{"start":{"line":321,"column":12},"end":{"line":321,"column":38},"skip":true},"82":{"start":{"line":322,"column":12},"end":{"line":322,"column":27},"skip":true},"83":{"start":{"line":324,"column":8},"end":{"line":324,"column":14},"skip":true}},"branchMap":{"1":{"line":39,"type":"binary-expr","locations":[{"start":{"line":39,"column":23},"end":{"line":39,"column":62}},{"start":{"line":40,"column":20},"end":{"line":40,"column":70}},{"start":{"line":41,"column":20},"end":{"line":41,"column":71}},{"start":{"line":42,"column":20},"end":{"line":42,"column":29}}]},"2":{"line":44,"type":"binary-expr","locations":[{"start":{"line":44,"column":23},"end":{"line":44,"column":37}},{"start":{"line":45,"column":20},"end":{"line":45,"column":61}},{"start":{"line":46,"column":20},"end":{"line":46,"column":70}},{"start":{"line":47,"column":20},"end":{"line":47,"column":26}}]},"3":{"line":51,"type":"cond-expr","locations":[{"start":{"line":52,"column":14},"end":{"line":52,"column":20}},{"start":{"line":53,"column":14},"end":{"line":53,"column":20}}]},"4":{"line":55,"type":"binary-expr","locations":[{"start":{"line":55,"column":16},"end":{"line":55,"column":44}},{"start":{"line":55,"column":49},"end":{"line":57,"column":43}}]},"5":{"line":55,"type":"cond-expr","locations":[{"start":{"line":56,"column":14},"end":{"line":56,"column":49}},{"start":{"line":57,"column":14},"end":{"line":57,"column":43}}]},"6":{"line":61,"type":"switch","locations":[{"start":{"line":68,"column":4},"end":{"line":150,"column":14},"skip":true},{"start":{"line":156,"column":4},"end":{"line":324,"column":14},"skip":true}]},"7":{"line":70,"type":"if","locations":[{"start":{"line":70,"column":12},"end":{"line":70,"column":12},"skip":true},{"start":{"line":70,"column":12},"end":{"line":70,"column":12},"skip":true}]},"8":{"line":70,"type":"binary-expr","locations":[{"start":{"line":70,"column":16},"end":{"line":70,"column":22},"skip":true},{"start":{"line":70,"column":27},"end":{"line":70,"column":32},"skip":true},{"start":{"line":71,"column":20},"end":{"line":71,"column":39},"skip":true},{"start":{"line":72,"column":20},"end":{"line":72,"column":49},"skip":true},{"start":{"line":73,"column":20},"end":{"line":73,"column":58},"skip":true},{"start":{"line":74,"column":20},"end":{"line":74,"column":69},"skip":true}]},"9":{"line":79,"type":"switch","locations":[{"start":{"line":80,"column":20},"end":{"line":80,"column":33},"skip":true},{"start":{"line":81,"column":20},"end":{"line":83,"column":30},"skip":true},{"start":{"line":84,"column":20},"end":{"line":85,"column":49},"skip":true}]},"10":{"line":89,"type":"switch","locations":[{"start":{"line":90,"column":12},"end":{"line":103,"column":22},"skip":true},{"start":{"line":105,"column":12},"end":{"line":106,"column":22},"skip":true}]},"11":{"line":89,"type":"binary-expr","locations":[{"start":{"line":89,"column":20},"end":{"line":89,"column":25},"skip":true},{"start":{"line":89,"column":29},"end":{"line":89,"column":48},"skip":true},{"start":{"line":89,"column":52},"end":{"line":89,"column":74},"skip":true}]},"12":{"line":92,"type":"if","locations":[{"start":{"line":92,"column":16},"end":{"line":92,"column":16},"skip":true},{"start":{"line":92,"column":16},"end":{"line":92,"column":16},"skip":true}]},"13":{"line":108,"type":"if","locations":[{"start":{"line":108,"column":12},"end":{"line":108,"column":12},"skip":true},{"start":{"line":108,"column":12},"end":{"line":108,"column":12},"skip":true}]},"14":{"line":108,"type":"binary-expr","locations":[{"start":{"line":108,"column":16},"end":{"line":108,"column":61},"skip":true},{"start":{"line":108,"column":66},"end":{"line":108,"column":72},"skip":true},{"start":{"line":108,"column":77},"end":{"line":108,"column":82},"skip":true},{"start":{"line":109,"column":20},"end":{"line":109,"column":39},"skip":true},{"start":{"line":110,"column":20},"end":{"line":110,"column":49},"skip":true},{"start":{"line":111,"column":20},"end":{"line":111,"column":58},"skip":true},{"start":{"line":112,"column":20},"end":{"line":112,"column":68},"skip":true}]},"15":{"line":129,"type":"if","locations":[{"start":{"line":129,"column":16},"end":{"line":129,"column":16},"skip":true},{"start":{"line":129,"column":16},"end":{"line":129,"column":16},"skip":true}]},"16":{"line":134,"type":"cond-expr","locations":[{"start":{"line":135,"column":26},"end":{"line":135,"column":29},"skip":true},{"start":{"line":136,"column":26},"end":{"line":136,"column":54},"skip":true}]},"17":{"line":164,"type":"binary-expr","locations":[{"start":{"line":164,"column":27},"end":{"line":164,"column":43},"skip":true},{"start":{"line":164,"column":47},"end":{"line":164,"column":49},"skip":true}]},"18":{"line":258,"type":"if","locations":[{"start":{"line":258,"column":8},"end":{"line":258,"column":8},"skip":true},{"start":{"line":258,"column":8},"end":{"line":258,"column":8},"skip":true}]},"19":{"line":275,"type":"switch","locations":[{"start":{"line":276,"column":20},"end":{"line":277,"column":64},"skip":true},{"start":{"line":278,"column":20},"end":{"line":279,"column":40},"skip":true},{"start":{"line":280,"column":20},"end":{"line":281,"column":40},"skip":true},{"start":{"line":282,"column":20},"end":{"line":283,"column":39},"skip":true}]},"20":{"line":288,"type":"if","locations":[{"start":{"line":288,"column":8},"end":{"line":288,"column":8},"skip":true},{"start":{"line":288,"column":8},"end":{"line":288,"column":8},"skip":true}]},"21":{"line":288,"type":"binary-expr","locations":[{"start":{"line":288,"column":12},"end":{"line":288,"column":40},"skip":true},{"start":{"line":288,"column":44},"end":{"line":288,"column":67},"skip":true}]},"22":{"line":292,"type":"binary-expr","locations":[{"start":{"line":292,"column":12},"end":{"line":292,"column":50},"skip":true},{"start":{"line":293,"column":12},"end":{"line":293,"column":53},"skip":true}]},"23":{"line":297,"type":"binary-expr","locations":[{"start":{"line":297,"column":12},"end":{"line":297,"column":63},"skip":true},{"start":{"line":298,"column":12},"end":{"line":301,"column":36},"skip":true}]},"24":{"line":303,"type":"binary-expr","locations":[{"start":{"line":303,"column":43},"end":{"line":303,"column":75},"skip":true},{"start":{"line":303,"column":79},"end":{"line":303,"column":81},"skip":true}]},"25":{"line":306,"type":"if","locations":[{"start":{"line":306,"column":8},"end":{"line":306,"column":8},"skip":true},{"start":{"line":306,"column":8},"end":{"line":306,"column":8},"skip":true}]},"26":{"line":310,"type":"if","locations":[{"start":{"line":310,"column":8},"end":{"line":310,"column":8},"skip":true},{"start":{"line":310,"column":8},"end":{"line":310,"column":8},"skip":true}]},"27":{"line":313,"type":"binary-expr","locations":[{"start":{"line":313,"column":27},"end":{"line":313,"column":43},"skip":true},{"start":{"line":313,"column":47},"end":{"line":313,"column":53},"skip":true}]},"28":{"line":317,"type":"if","locations":[{"start":{"line":317,"column":12},"end":{"line":317,"column":12},"skip":true},{"start":{"line":317,"column":12},"end":{"line":317,"column":12},"skip":true}]}},"code":["/*","example.js","","quickstart example","","instruction","    1. save this script as example.js","    2. run the shell command:","        $ npm install npmtest-siege && PORT=8081 node example.js","    3. play with the browser-demo on http://127.0.0.1:8081","*/","","","","/* istanbul instrument in package npmtest_siege */","/*jslint","    bitwise: true,","    browser: true,","    maxerr: 8,","    maxlen: 96,","    node: true,","    nomen: true,","    regexp: true,","    stupid: true","*/","(function () {","    'use strict';","    var local;","","","","    // run shared js-env code - pre-init","    (function () {","        // init local","        local = {};","        // init modeJs","        local.modeJs = (function () {","            try {","                return typeof navigator.userAgent === 'string' &&","                    typeof document.querySelector('body') === 'object' &&","                    typeof XMLHttpRequest.prototype.open === 'function' &&","                    'browser';","            } catch (errorCaughtBrowser) {","                return module.exports &&","                    typeof process.versions.node === 'string' &&","                    typeof require('http').createServer === 'function' &&","                    'node';","            }","        }());","        // init global","        local.global = local.modeJs === 'browser'","            ? window","            : global;","        // init utility2_rollup","        local = local.global.utility2_rollup || (local.modeJs === 'browser'","            ? local.global.utility2_npmtest_siege","            : global.utility2_moduleExports);","        // export local","        local.global.local = local;","    }());","    switch (local.modeJs) {","","","","    // post-init","    // run browser js-env code - post-init","    /* istanbul ignore next */","    case 'browser':","        local.testRunBrowser = function (event) {","            if (!event || (event &&","                    event.currentTarget &&","                    event.currentTarget.className &&","                    event.currentTarget.className.includes &&","                    event.currentTarget.className.includes('onreset'))) {","                // reset output","                Array.from(","                    document.querySelectorAll('body > .resettable')","                ).forEach(function (element) {","                    switch (element.tagName) {","                    case 'INPUT':","                    case 'TEXTAREA':","                        element.value = '';","                        break;","                    default:","                        element.textContent = '';","                    }","                });","            }","            switch (event && event.currentTarget && event.currentTarget.id) {","            case 'testRunButton1':","                // show tests","                if (document.querySelector('#testReportDiv1').style.display === 'none') {","                    document.querySelector('#testReportDiv1').style.display = 'block';","                    document.querySelector('#testRunButton1').textContent =","                        'hide internal test';","                    local.modeTest = true;","                    local.testRunDefault(local);","                // hide tests","                } else {","                    document.querySelector('#testReportDiv1').style.display = 'none';","                    document.querySelector('#testRunButton1').textContent = 'run internal test';","                }","                break;","            // custom-case","            default:","                break;","            }","            if (document.querySelector('#inputTextareaEval1') && (!event || (event &&","                    event.currentTarget &&","                    event.currentTarget.className &&","                    event.currentTarget.className.includes &&","                    event.currentTarget.className.includes('oneval')))) {","                // try to eval input-code","                try {","                    /*jslint evil: true*/","                    eval(document.querySelector('#inputTextareaEval1').value);","                } catch (errorCaught) {","                    console.error(errorCaught);","                }","            }","        };","        // log stderr and stdout to #outputTextareaStdout1","        ['error', 'log'].forEach(function (key) {","            console[key + '_original'] = console[key];","            console[key] = function () {","                var element;","                console[key + '_original'].apply(console, arguments);","                element = document.querySelector('#outputTextareaStdout1');","                if (!element) {","                    return;","                }","                // append text to #outputTextareaStdout1","                element.value += Array.from(arguments).map(function (arg) {","                    return typeof arg === 'string'","                        ? arg","                        : JSON.stringify(arg, null, 4);","                }).join(' ') + '\\n';","                // scroll textarea to bottom","                element.scrollTop = element.scrollHeight;","            };","        });","        // init event-handling","        ['change', 'click', 'keyup'].forEach(function (event) {","            Array.from(document.querySelectorAll('.on' + event)).forEach(function (element) {","                element.addEventListener(event, local.testRunBrowser);","            });","        });","        // run tests","        local.testRunBrowser();","        break;","","","","    // run node js-env code - post-init","    /* istanbul ignore next */","    case 'node':","        // export local","        module.exports = local;","        // require modules","        local.fs = require('fs');","        local.http = require('http');","        local.url = require('url');","        // init assets","        local.assetsDict = local.assetsDict || {};","        /* jslint-ignore-begin */","        local.assetsDict['/assets.index.template.html'] = '\\","<!doctype html>\\n\\","<html lang=\"en\">\\n\\","<head>\\n\\","<meta charset=\"UTF-8\">\\n\\","<meta name=\"viewport\" content=\"width=device-width, initial-scale=1\">\\n\\","<title>{{env.npm_package_name}} (v{{env.npm_package_version}})</title>\\n\\","<style>\\n\\","/*csslint\\n\\","    box-sizing: false,\\n\\","    universal-selector: false\\n\\","*/\\n\\","* {\\n\\","    box-sizing: border-box;\\n\\","}\\n\\","body {\\n\\","    background: #dde;\\n\\","    font-family: Arial, Helvetica, sans-serif;\\n\\","    margin: 2rem;\\n\\","}\\n\\","body > * {\\n\\","    margin-bottom: 1rem;\\n\\","}\\n\\",".utility2FooterDiv {\\n\\","    margin-top: 20px;\\n\\","    text-align: center;\\n\\","}\\n\\","</style>\\n\\","<style>\\n\\","/*csslint\\n\\","*/\\n\\","textarea {\\n\\","    font-family: monospace;\\n\\","    height: 10rem;\\n\\","    width: 100%;\\n\\","}\\n\\","textarea[readonly] {\\n\\","    background: #ddd;\\n\\","}\\n\\","</style>\\n\\","</head>\\n\\","<body>\\n\\","<!-- utility2-comment\\n\\","<div id=\"ajaxProgressDiv1\" style=\"background: #d00; height: 2px; left: 0; margin: 0; padding: 0; position: fixed; top: 0; transition: background 0.5s, width 1.5s; width: 25%;\"></div>\\n\\","utility2-comment -->\\n\\","<h1>\\n\\","<!-- utility2-comment\\n\\","    <a\\n\\","        {{#if env.npm_package_homepage}}\\n\\","        href=\"{{env.npm_package_homepage}}\"\\n\\","        {{/if env.npm_package_homepage}}\\n\\","        target=\"_blank\"\\n\\","    >\\n\\","utility2-comment -->\\n\\","        {{env.npm_package_name}} (v{{env.npm_package_version}})\\n\\","<!-- utility2-comment\\n\\","    </a>\\n\\","utility2-comment -->\\n\\","</h1>\\n\\","<h3>{{env.npm_package_description}}</h3>\\n\\","<!-- utility2-comment\\n\\","<h4><a download href=\"assets.app.js\">download standalone app</a></h4>\\n\\","<button class=\"onclick onreset\" id=\"testRunButton1\">run internal test</button><br>\\n\\","<div id=\"testReportDiv1\" style=\"display: none;\"></div>\\n\\","utility2-comment -->\\n\\","\\n\\","\\n\\","\\n\\","<label>stderr and stdout</label>\\n\\","<textarea class=\"resettable\" id=\"outputTextareaStdout1\" readonly></textarea>\\n\\","<!-- utility2-comment\\n\\","{{#if isRollup}}\\n\\","<script src=\"assets.app.js\"></script>\\n\\","{{#unless isRollup}}\\n\\","utility2-comment -->\\n\\","<script src=\"assets.utility2.rollup.js\"></script>\\n\\","<script src=\"jsonp.utility2._stateInit?callback=window.utility2._stateInit\"></script>\\n\\","<script src=\"assets.npmtest_siege.rollup.js\"></script>\\n\\","<script src=\"assets.example.js\"></script>\\n\\","<script src=\"assets.test.js\"></script>\\n\\","<!-- utility2-comment\\n\\","{{/if isRollup}}\\n\\","utility2-comment -->\\n\\","<div class=\"utility2FooterDiv\">\\n\\","    [ this app was created with\\n\\","    <a href=\"https://github.com/kaizhu256/node-utility2\" target=\"_blank\">utility2</a>\\n\\","    ]\\n\\","</div>\\n\\","</body>\\n\\","</html>\\n\\","';","        /* jslint-ignore-end */","        if (local.templateRender) {","            local.assetsDict['/'] = local.templateRender(","                local.assetsDict['/assets.index.template.html'],","                {","                    env: local.objectSetDefault(local.env, {","                        npm_package_description: 'the greatest app in the world!',","                        npm_package_name: 'my-app',","                        npm_package_nameAlias: 'my_app',","                        npm_package_version: '0.0.1'","                    })","                }","            );","        } else {","            local.assetsDict['/'] = local.assetsDict['/assets.index.template.html']","                .replace((/\\{\\{env\\.(\\w+?)\\}\\}/g), function (match0, match1) {","                    // jslint-hack","                    String(match0);","                    switch (match1) {","                    case 'npm_package_description':","                        return 'the greatest app in the world!';","                    case 'npm_package_name':","                        return 'my-app';","                    case 'npm_package_nameAlias':","                        return 'my_app';","                    case 'npm_package_version':","                        return '0.0.1';","                    }","                });","        }","        // run the cli","        if (local.global.utility2_rollup || module !== require.main) {","            break;","        }","        local.assetsDict['/assets.example.js'] =","            local.assetsDict['/assets.example.js'] ||","            local.fs.readFileSync(__filename, 'utf8');","        // bug-workaround - long $npm_package_buildCustomOrg","        /* jslint-ignore-begin */","        local.assetsDict['/assets.npmtest_siege.rollup.js'] =","            local.assetsDict['/assets.npmtest_siege.rollup.js'] ||","            local.fs.readFileSync(","                local.npmtest_siege.__dirname + '/lib.npmtest_siege.js',","                'utf8'","            ).replace((/^#!/), '//');","        /* jslint-ignore-end */","        local.assetsDict['/favicon.ico'] = local.assetsDict['/favicon.ico'] || '';","        // if $npm_config_timeout_exit exists,","        // then exit this process after $npm_config_timeout_exit ms","        if (Number(process.env.npm_config_timeout_exit)) {","            setTimeout(process.exit, Number(process.env.npm_config_timeout_exit));","        }","        // start server","        if (local.global.utility2_serverHttp1) {","            break;","        }","        process.env.PORT = process.env.PORT || '8081';","        console.error('server starting on port ' + process.env.PORT);","        local.http.createServer(function (request, response) {","            request.urlParsed = local.url.parse(request.url);","            if (local.assetsDict[request.urlParsed.pathname] !== undefined) {","                response.end(local.assetsDict[request.urlParsed.pathname]);","                return;","            }","            response.statusCode = 404;","            response.end();","        }).listen(process.env.PORT);","        break;","    }","}());",""],"l":{"26":2,"28":2,"33":2,"35":2,"37":2,"38":2,"39":2,"44":1,"51":2,"55":2,"59":2,"61":2,"69":1,"70":2,"76":2,"79":2,"82":2,"83":2,"85":1,"89":2,"92":1,"93":1,"94":1,"96":1,"97":1,"100":1,"101":1,"103":1,"106":1,"108":2,"114":1,"116":1,"118":1,"123":1,"124":2,"125":2,"126":3,"127":3,"128":3,"129":3,"130":1,"133":3,"134":3,"139":3,"143":1,"144":3,"145":1,"149":1,"150":1,"158":1,"160":1,"161":1,"162":1,"164":1,"166":1,"258":1,"259":1,"271":1,"274":6,"275":6,"277":1,"279":2,"281":1,"283":2,"288":1,"289":1,"291":1,"296":1,"303":1,"306":1,"307":1,"310":1,"311":1,"313":1,"314":1,"315":1,"316":1,"317":1,"318":1,"319":1,"321":1,"322":1,"324":1}},"/home/travis/build/npmtest/node-npmtest-siege/node_modules/siege/siege.js":{"path":"/home/travis/build/npmtest/node-npmtest-siege/node_modules/siege/siege.js","s":{"1":1,"2":1,"3":0,"4":0,"5":0,"6":0,"7":0,"8":0,"9":0,"10":0,"11":0,"12":0,"13":0,"14":0,"15":0,"16":0,"17":0,"18":0,"19":0,"20":0,"21":0,"22":0,"23":0,"24":0,"25":0,"26":0,"27":1,"28":1,"29":0,"30":0,"31":0,"32":0,"33":1,"34":0,"35":0,"36":1,"37":0,"38":0,"39":1,"40":0,"41":0,"42":1,"43":0,"44":0,"45":1,"46":0,"47":0,"48":1,"49":0,"50":0,"51":1,"52":0,"53":0,"54":1,"55":0,"56":0,"57":0,"58":0,"59":0,"60":1,"61":0,"62":0,"63":1,"64":0,"65":0,"66":0,"67":0,"68":1,"69":0,"70":0,"71":0,"72":0,"73":0,"74":1,"75":0,"76":1,"77":0,"78":1,"79":0,"80":0,"81":0,"82":1,"83":0,"84":1,"85":0,"86":0,"87":1,"88":0,"89":0,"90":0,"91":0,"92":0,"93":0,"94":1,"95":0,"96":1,"97":1,"98":5,"99":5,"100":0,"101":0,"102":1,"103":0,"104":0,"105":0,"106":0,"107":0,"108":0,"109":0,"110":0,"111":0,"112":0,"113":0,"114":0,"115":0,"116":0,"117":0,"118":1,"119":1,"120":1,"121":0,"122":1,"123":0,"124":0,"125":1,"126":0,"127":0,"128":1,"129":0,"130":1,"131":0,"132":0,"133":0,"134":0,"135":0,"136":0,"137":1,"138":0,"139":0,"140":1,"141":1,"142":0,"143":0,"144":0,"145":0,"146":1,"147":0,"148":0,"149":0,"150":0,"151":1,"152":0,"153":0,"154":0,"155":1,"156":0,"157":0,"158":0,"159":0,"160":0,"161":0,"162":0,"163":0,"164":1,"165":0,"166":0,"167":0,"168":0,"169":0,"170":0,"171":0,"172":0,"173":0,"174":0,"175":0,"176":0,"177":0,"178":0,"179":0,"180":0,"181":0,"182":0,"183":0,"184":0,"185":0,"186":0,"187":0,"188":0,"189":0,"190":0,"191":1,"192":0},"b":{"1":[0,0],"2":[0,0],"3":[0,0],"4":[0,0],"5":[0,0],"6":[0,0],"7":[0,0],"8":[0,0],"9":[0,0],"10":[0,0],"11":[0,0],"12":[5,0],"13":[0,0],"14":[0,0],"15":[0,0],"16":[0,0],"17":[0,0],"18":[0,0,0],"19":[0,0],"20":[0,0],"21":[0,0]},"f":{"1":0,"2":0,"3":0,"4":0,"5":0,"6":0,"7":0,"8":0,"9":0,"10":0,"11":0,"12":0,"13":0,"14":0,"15":0,"16":0,"17":0,"18":0,"19":0,"20":0,"21":0,"22":0,"23":0,"24":0,"25":0,"26":5,"27":0,"28":0,"29":0,"30":0,"31":0,"32":0,"33":0,"34":0,"35":0,"36":0,"37":0,"38":0,"39":0,"40":0,"41":0,"42":0,"43":0,"44":0,"45":0,"46":0,"47":0,"48":0,"49":0,"50":0},"fnMap":{"1":{"name":"(anonymous_1)","line":10,"loc":{"start":{"line":10,"column":12},"end":{"line":10,"column":36}}},"2":{"name":"(anonymous_2)","line":31,"loc":{"start":{"line":31,"column":38},"end":{"line":31,"column":49}}},"3":{"name":"(anonymous_3)","line":36,"loc":{"start":{"line":36,"column":35},"end":{"line":36,"column":46}}},"4":{"name":"(anonymous_4)","line":41,"loc":{"start":{"line":41,"column":41},"end":{"line":41,"column":52}}},"5":{"name":"(anonymous_5)","line":46,"loc":{"start":{"line":46,"column":38},"end":{"line":46,"column":49}}},"6":{"name":"(anonymous_6)","line":54,"loc":{"start":{"line":54,"column":11},"end":{"line":54,"column":26}}},"7":{"name":"(anonymous_7)","line":62,"loc":{"start":{"line":62,"column":13},"end":{"line":62,"column":28}}},"8":{"name":"(anonymous_8)","line":67,"loc":{"start":{"line":67,"column":17},"end":{"line":67,"column":36}}},"9":{"name":"(anonymous_9)","line":72,"loc":{"start":{"line":72,"column":27},"end":{"line":72,"column":56}}},"10":{"name":"(anonymous_10)","line":77,"loc":{"start":{"line":77,"column":20},"end":{"line":77,"column":42}}},"11":{"name":"(anonymous_11)","line":82,"loc":{"start":{"line":82,"column":14},"end":{"line":82,"column":30}}},"12":{"name":"(anonymous_12)","line":87,"loc":{"start":{"line":87,"column":20},"end":{"line":87,"column":42}}},"13":{"name":"(anonymous_13)","line":92,"loc":{"start":{"line":92,"column":19},"end":{"line":92,"column":40}}},"14":{"name":"(anonymous_14)","line":97,"loc":{"start":{"line":97,"column":17},"end":{"line":97,"column":39}}},"15":{"name":"(anonymous_15)","line":106,"loc":{"start":{"line":106,"column":13},"end":{"line":106,"column":28}}},"16":{"name":"(anonymous_16)","line":111,"loc":{"start":{"line":111,"column":17},"end":{"line":111,"column":28}}},"17":{"name":"(anonymous_17)","line":118,"loc":{"start":{"line":118,"column":16},"end":{"line":118,"column":34}}},"18":{"name":"(anonymous_18)","line":127,"loc":{"start":{"line":127,"column":12},"end":{"line":127,"column":33}}},"19":{"name":"(anonymous_19)","line":135,"loc":{"start":{"line":135,"column":13},"end":{"line":135,"column":33}}},"20":{"name":"(anonymous_20)","line":143,"loc":{"start":{"line":143,"column":12},"end":{"line":143,"column":34}}},"21":{"name":"(anonymous_21)","line":149,"loc":{"start":{"line":149,"column":12},"end":{"line":149,"column":26}}},"22":{"name":"(anonymous_22)","line":153,"loc":{"start":{"line":153,"column":15},"end":{"line":153,"column":33}}},"23":{"name":"(anonymous_23)","line":158,"loc":{"start":{"line":158,"column":15},"end":{"line":158,"column":26}}},"24":{"name":"(anonymous_24)","line":160,"loc":{"start":{"line":160,"column":21},"end":{"line":160,"column":35}}},"25":{"name":"SiegeWrap","line":170,"loc":{"start":{"line":170,"column":0},"end":{"line":170,"column":26}}},"26":{"name":"(anonymous_26)","line":177,"loc":{"start":{"line":177,"column":58},"end":{"line":177,"column":72}}},"27":{"name":"(anonymous_27)","line":178,"loc":{"start":{"line":178,"column":34},"end":{"line":178,"column":45}}},"28":{"name":"Task","line":184,"loc":{"start":{"line":184,"column":0},"end":{"line":184,"column":21}}},"29":{"name":"(anonymous_29)","line":189,"loc":{"start":{"line":189,"column":38},"end":{"line":189,"column":49}}},"30":{"name":"(anonymous_30)","line":194,"loc":{"start":{"line":194,"column":35},"end":{"line":194,"column":46}}},"31":{"name":"(anonymous_31)","line":199,"loc":{"start":{"line":199,"column":41},"end":{"line":199,"column":52}}},"32":{"name":"(anonymous_32)","line":204,"loc":{"start":{"line":204,"column":38},"end":{"line":204,"column":49}}},"33":{"name":"(anonymous_33)","line":214,"loc":{"start":{"line":214,"column":11},"end":{"line":214,"column":25}}},"34":{"name":"(anonymous_34)","line":218,"loc":{"start":{"line":218,"column":15},"end":{"line":218,"column":33}}},"35":{"name":"(anonymous_35)","line":223,"loc":{"start":{"line":223,"column":18},"end":{"line":223,"column":39}}},"36":{"name":"(anonymous_36)","line":243,"loc":{"start":{"line":243,"column":14},"end":{"line":243,"column":32}}},"37":{"name":"For","line":247,"loc":{"start":{"line":247,"column":0},"end":{"line":247,"column":24}}},"38":{"name":"(anonymous_38)","line":249,"loc":{"start":{"line":249,"column":35},"end":{"line":249,"column":46}}},"39":{"name":"(anonymous_39)","line":254,"loc":{"start":{"line":254,"column":33},"end":{"line":254,"column":44}}},"40":{"name":"merge","line":261,"loc":{"start":{"line":261,"column":0},"end":{"line":261,"column":31}}},"41":{"name":"queueSiege","line":268,"loc":{"start":{"line":268,"column":0},"end":{"line":268,"column":29}}},"42":{"name":"nextSiege","line":276,"loc":{"start":{"line":276,"column":0},"end":{"line":276,"column":21}}},"43":{"name":"startSiege","line":284,"loc":{"start":{"line":284,"column":0},"end":{"line":284,"column":39}}},"44":{"name":"(anonymous_44)","line":285,"loc":{"start":{"line":285,"column":22},"end":{"line":285,"column":37}}},"45":{"name":"endProgram","line":289,"loc":{"start":{"line":289,"column":6},"end":{"line":289,"column":27}}},"46":{"name":"(anonymous_46)","line":297,"loc":{"start":{"line":297,"column":38},"end":{"line":297,"column":52}}},"47":{"name":"startServe","line":305,"loc":{"start":{"line":305,"column":0},"end":{"line":305,"column":39}}},"48":{"name":"(anonymous_48)","line":330,"loc":{"start":{"line":330,"column":26},"end":{"line":330,"column":36}}},"49":{"name":"(anonymous_49)","line":333,"loc":{"start":{"line":333,"column":13},"end":{"line":333,"column":24}}},"50":{"name":"(anonymous_50)","line":340,"loc":{"start":{"line":340,"column":31},"end":{"line":340,"column":55}}}},"statementMap":{"1":{"start":{"line":1,"column":0},"end":{"line":8,"column":3}},"2":{"start":{"line":10,"column":0},"end":{"line":50,"column":1}},"3":{"start":{"line":11,"column":2},"end":{"line":18,"column":3}},"4":{"start":{"line":12,"column":4},"end":{"line":17,"column":5}},"5":{"start":{"line":13,"column":6},"end":{"line":13,"column":20}},"6":{"start":{"line":14,"column":6},"end":{"line":14,"column":22}},"7":{"start":{"line":16,"column":6},"end":{"line":16,"column":18}},"8":{"start":{"line":20,"column":2},"end":{"line":22,"column":3}},"9":{"start":{"line":21,"column":4},"end":{"line":21,"column":24}},"10":{"start":{"line":24,"column":2},"end":{"line":24,"column":20}},"11":{"start":{"line":26,"column":2},"end":{"line":26,"column":17}},"12":{"start":{"line":27,"column":2},"end":{"line":27,"column":24}},"13":{"start":{"line":28,"column":2},"end":{"line":28,"column":26}},"14":{"start":{"line":30,"column":2},"end":{"line":30,"column":17}},"15":{"start":{"line":31,"column":2},"end":{"line":34,"column":4}},"16":{"start":{"line":32,"column":6},"end":{"line":32,"column":38}},"17":{"start":{"line":33,"column":6},"end":{"line":33,"column":17}},"18":{"start":{"line":36,"column":2},"end":{"line":39,"column":4}},"19":{"start":{"line":37,"column":6},"end":{"line":37,"column":35}},"20":{"start":{"line":38,"column":6},"end":{"line":38,"column":17}},"21":{"start":{"line":41,"column":2},"end":{"line":44,"column":4}},"22":{"start":{"line":42,"column":6},"end":{"line":42,"column":39}},"23":{"start":{"line":43,"column":6},"end":{"line":43,"column":17}},"24":{"start":{"line":46,"column":2},"end":{"line":49,"column":4}},"25":{"start":{"line":47,"column":6},"end":{"line":47,"column":36}},"26":{"start":{"line":48,"column":6},"end":{"line":48,"column":17}},"27":{"start":{"line":52,"column":0},"end":{"line":52,"column":27}},"28":{"start":{"line":54,"column":0},"end":{"line":60,"column":1}},"29":{"start":{"line":55,"column":2},"end":{"line":58,"column":32}},"30":{"start":{"line":56,"column":4},"end":{"line":56,"column":28}},"31":{"start":{"line":58,"column":4},"end":{"line":58,"column":32}},"32":{"start":{"line":59,"column":2},"end":{"line":59,"column":13}},"33":{"start":{"line":62,"column":0},"end":{"line":65,"column":1}},"34":{"start":{"line":63,"column":2},"end":{"line":63,"column":26}},"35":{"start":{"line":64,"column":2},"end":{"line":64,"column":13}},"36":{"start":{"line":67,"column":0},"end":{"line":70,"column":1}},"37":{"start":{"line":68,"column":2},"end":{"line":68,"column":34}},"38":{"start":{"line":69,"column":2},"end":{"line":69,"column":13}},"39":{"start":{"line":72,"column":0},"end":{"line":75,"column":1}},"40":{"start":{"line":73,"column":2},"end":{"line":73,"column":54}},"41":{"start":{"line":74,"column":2},"end":{"line":74,"column":13}},"42":{"start":{"line":77,"column":0},"end":{"line":80,"column":1}},"43":{"start":{"line":78,"column":2},"end":{"line":78,"column":40}},"44":{"start":{"line":79,"column":2},"end":{"line":79,"column":13}},"45":{"start":{"line":82,"column":0},"end":{"line":85,"column":1}},"46":{"start":{"line":83,"column":2},"end":{"line":83,"column":28}},"47":{"start":{"line":84,"column":2},"end":{"line":84,"column":13}},"48":{"start":{"line":87,"column":0},"end":{"line":90,"column":1}},"49":{"start":{"line":88,"column":2},"end":{"line":88,"column":40}},"50":{"start":{"line":89,"column":2},"end":{"line":89,"column":13}},"51":{"start":{"line":92,"column":0},"end":{"line":95,"column":1}},"52":{"start":{"line":93,"column":2},"end":{"line":93,"column":38}},"53":{"start":{"line":94,"column":2},"end":{"line":94,"column":13}},"54":{"start":{"line":97,"column":0},"end":{"line":104,"column":1}},"55":{"start":{"line":98,"column":2},"end":{"line":98,"column":30}},"56":{"start":{"line":99,"column":2},"end":{"line":101,"column":3}},"57":{"start":{"line":100,"column":4},"end":{"line":100,"column":26}},"58":{"start":{"line":102,"column":2},"end":{"line":102,"column":40}},"59":{"start":{"line":103,"column":2},"end":{"line":103,"column":13}},"60":{"start":{"line":106,"column":0},"end":{"line":109,"column":1}},"61":{"start":{"line":107,"column":2},"end":{"line":107,"column":26}},"62":{"start":{"line":108,"column":2},"end":{"line":108,"column":13}},"63":{"start":{"line":111,"column":0},"end":{"line":116,"column":1}},"64":{"start":{"line":112,"column":2},"end":{"line":112,"column":27}},"65":{"start":{"line":113,"column":2},"end":{"line":113,"column":23}},"66":{"start":{"line":114,"column":2},"end":{"line":114,"column":26}},"67":{"start":{"line":115,"column":2},"end":{"line":115,"column":13}},"68":{"start":{"line":118,"column":0},"end":{"line":125,"column":1}},"69":{"start":{"line":119,"column":2},"end":{"line":119,"column":30}},"70":{"start":{"line":120,"column":2},"end":{"line":122,"column":3}},"71":{"start":{"line":121,"column":4},"end":{"line":121,"column":26}},"72":{"start":{"line":123,"column":2},"end":{"line":123,"column":23}},"73":{"start":{"line":124,"column":2},"end":{"line":124,"column":13}},"74":{"start":{"line":127,"column":0},"end":{"line":133,"column":1}},"75":{"start":{"line":128,"column":2},"end":{"line":132,"column":4}},"76":{"start":{"line":135,"column":0},"end":{"line":141,"column":1}},"77":{"start":{"line":136,"column":2},"end":{"line":140,"column":4}},"78":{"start":{"line":143,"column":0},"end":{"line":147,"column":1}},"79":{"start":{"line":144,"column":2},"end":{"line":144,"column":51}},"80":{"start":{"line":145,"column":2},"end":{"line":145,"column":36}},"81":{"start":{"line":146,"column":2},"end":{"line":146,"column":13}},"82":{"start":{"line":149,"column":0},"end":{"line":151,"column":1}},"83":{"start":{"line":150,"column":2},"end":{"line":150,"column":27}},"84":{"start":{"line":153,"column":0},"end":{"line":156,"column":1}},"85":{"start":{"line":154,"column":2},"end":{"line":154,"column":31}},"86":{"start":{"line":155,"column":2},"end":{"line":155,"column":13}},"87":{"start":{"line":158,"column":0},"end":{"line":168,"column":1}},"88":{"start":{"line":159,"column":2},"end":{"line":159,"column":28}},"89":{"start":{"line":160,"column":2},"end":{"line":162,"column":4}},"90":{"start":{"line":161,"column":6},"end":{"line":161,"column":38}},"91":{"start":{"line":163,"column":2},"end":{"line":165,"column":3}},"92":{"start":{"line":164,"column":4},"end":{"line":164,"column":40}},"93":{"start":{"line":167,"column":2},"end":{"line":167,"column":26}},"94":{"start":{"line":170,"column":0},"end":{"line":172,"column":1}},"95":{"start":{"line":171,"column":2},"end":{"line":171,"column":20}},"96":{"start":{"line":174,"column":0},"end":{"line":177,"column":1}},"97":{"start":{"line":177,"column":1},"end":{"line":182,"column":2}},"98":{"start":{"line":178,"column":2},"end":{"line":181,"column":3}},"99":{"start":{"line":178,"column":21},"end":{"line":181,"column":3}},"100":{"start":{"line":179,"column":4},"end":{"line":179,"column":38}},"101":{"start":{"line":180,"column":4},"end":{"line":180,"column":46}},"102":{"start":{"line":184,"column":0},"end":{"line":208,"column":1}},"103":{"start":{"line":185,"column":2},"end":{"line":185,"column":20}},"104":{"start":{"line":186,"column":2},"end":{"line":186,"column":19}},"105":{"start":{"line":187,"column":2},"end":{"line":187,"column":17}},"106":{"start":{"line":189,"column":2},"end":{"line":192,"column":4}},"107":{"start":{"line":190,"column":6},"end":{"line":190,"column":38}},"108":{"start":{"line":191,"column":6},"end":{"line":191,"column":17}},"109":{"start":{"line":194,"column":2},"end":{"line":197,"column":4}},"110":{"start":{"line":195,"column":6},"end":{"line":195,"column":35}},"111":{"start":{"line":196,"column":6},"end":{"line":196,"column":17}},"112":{"start":{"line":199,"column":2},"end":{"line":202,"column":4}},"113":{"start":{"line":200,"column":6},"end":{"line":200,"column":39}},"114":{"start":{"line":201,"column":6},"end":{"line":201,"column":17}},"115":{"start":{"line":204,"column":2},"end":{"line":207,"column":4}},"116":{"start":{"line":205,"column":6},"end":{"line":205,"column":36}},"117":{"start":{"line":206,"column":6},"end":{"line":206,"column":17}},"118":{"start":{"line":210,"column":0},"end":{"line":210,"column":30}},"119":{"start":{"line":212,"column":0},"end":{"line":212,"column":25}},"120":{"start":{"line":214,"column":0},"end":{"line":216,"column":1}},"121":{"start":{"line":215,"column":2},"end":{"line":215,"column":27}},"122":{"start":{"line":218,"column":0},"end":{"line":221,"column":1}},"123":{"start":{"line":219,"column":2},"end":{"line":219,"column":42}},"124":{"start":{"line":220,"column":2},"end":{"line":220,"column":30}},"125":{"start":{"line":223,"column":0},"end":{"line":226,"column":1}},"126":{"start":{"line":224,"column":2},"end":{"line":224,"column":38}},"127":{"start":{"line":225,"column":2},"end":{"line":225,"column":13}},"128":{"start":{"line":243,"column":0},"end":{"line":245,"column":1}},"129":{"start":{"line":244,"column":2},"end":{"line":244,"column":31}},"130":{"start":{"line":247,"column":0},"end":{"line":259,"column":1}},"131":{"start":{"line":249,"column":2},"end":{"line":252,"column":4}},"132":{"start":{"line":250,"column":6},"end":{"line":250,"column":40}},"133":{"start":{"line":251,"column":6},"end":{"line":251,"column":17}},"134":{"start":{"line":254,"column":2},"end":{"line":257,"column":4}},"135":{"start":{"line":255,"column":6},"end":{"line":255,"column":31}},"136":{"start":{"line":256,"column":6},"end":{"line":256,"column":17}},"137":{"start":{"line":261,"column":0},"end":{"line":265,"column":1}},"138":{"start":{"line":262,"column":2},"end":{"line":264,"column":3}},"139":{"start":{"line":263,"column":4},"end":{"line":263,"column":31}},"140":{"start":{"line":267,"column":0},"end":{"line":267,"column":32}},"141":{"start":{"line":268,"column":0},"end":{"line":274,"column":1}},"142":{"start":{"line":269,"column":2},"end":{"line":269,"column":21}},"143":{"start":{"line":270,"column":2},"end":{"line":273,"column":3}},"144":{"start":{"line":271,"column":4},"end":{"line":271,"column":18}},"145":{"start":{"line":272,"column":4},"end":{"line":272,"column":15}},"146":{"start":{"line":276,"column":0},"end":{"line":282,"column":1}},"147":{"start":{"line":277,"column":2},"end":{"line":277,"column":29}},"148":{"start":{"line":278,"column":2},"end":{"line":280,"column":3}},"149":{"start":{"line":279,"column":4},"end":{"line":279,"column":18}},"150":{"start":{"line":281,"column":2},"end":{"line":281,"column":32}},"151":{"start":{"line":284,"column":0},"end":{"line":303,"column":1}},"152":{"start":{"line":285,"column":2},"end":{"line":302,"column":4}},"153":{"start":{"line":286,"column":6},"end":{"line":286,"column":28}},"154":{"start":{"line":287,"column":6},"end":{"line":287,"column":52}},"155":{"start":{"line":289,"column":6},"end":{"line":293,"column":7}},"156":{"start":{"line":290,"column":8},"end":{"line":290,"column":30}},"157":{"start":{"line":290,"column":18},"end":{"line":290,"column":30}},"158":{"start":{"line":291,"column":8},"end":{"line":291,"column":21}},"159":{"start":{"line":292,"column":8},"end":{"line":292,"column":18}},"160":{"start":{"line":295,"column":6},"end":{"line":295,"column":38}},"161":{"start":{"line":297,"column":6},"end":{"line":300,"column":8}},"162":{"start":{"line":298,"column":10},"end":{"line":298,"column":32}},"163":{"start":{"line":299,"column":10},"end":{"line":299,"column":22}},"164":{"start":{"line":305,"column":0},"end":{"line":338,"column":1}},"165":{"start":{"line":306,"column":2},"end":{"line":306,"column":28}},"166":{"start":{"line":307,"column":2},"end":{"line":307,"column":31}},"167":{"start":{"line":307,"column":13},"end":{"line":307,"column":31}},"168":{"start":{"line":309,"column":2},"end":{"line":309,"column":35}},"169":{"start":{"line":311,"column":2},"end":{"line":311,"column":17}},"170":{"start":{"line":312,"column":2},"end":{"line":312,"column":15}},"171":{"start":{"line":313,"column":2},"end":{"line":321,"column":3}},"172":{"start":{"line":314,"column":4},"end":{"line":314,"column":18}},"173":{"start":{"line":315,"column":4},"end":{"line":315,"column":16}},"174":{"start":{"line":316,"column":4},"end":{"line":316,"column":115}},"175":{"start":{"line":318,"column":4},"end":{"line":318,"column":27}},"176":{"start":{"line":319,"column":4},"end":{"line":319,"column":23}},"177":{"start":{"line":320,"column":4},"end":{"line":320,"column":16}},"178":{"start":{"line":322,"column":2},"end":{"line":322,"column":44}},"179":{"start":{"line":323,"column":2},"end":{"line":323,"column":71}},"180":{"start":{"line":324,"column":2},"end":{"line":324,"column":83}},"181":{"start":{"line":325,"column":2},"end":{"line":325,"column":46}},"182":{"start":{"line":326,"column":2},"end":{"line":326,"column":35}},"183":{"start":{"line":328,"column":2},"end":{"line":328,"column":32}},"184":{"start":{"line":329,"column":2},"end":{"line":329,"column":35}},"185":{"start":{"line":330,"column":2},"end":{"line":332,"column":15}},"186":{"start":{"line":331,"column":6},"end":{"line":331,"column":31}},"187":{"start":{"line":333,"column":2},"end":{"line":337,"column":11}},"188":{"start":{"line":334,"column":6},"end":{"line":334,"column":26}},"189":{"start":{"line":335,"column":6},"end":{"line":335,"column":38}},"190":{"start":{"line":336,"column":6},"end":{"line":336,"column":21}},"191":{"start":{"line":340,"column":0},"end":{"line":342,"column":1}},"192":{"start":{"line":341,"column":2},"end":{"line":341,"column":33}}},"branchMap":{"1":{"line":11,"type":"if","locations":[{"start":{"line":11,"column":2},"end":{"line":11,"column":2}},{"start":{"line":11,"column":2},"end":{"line":11,"column":2}}]},"2":{"line":12,"type":"if","locations":[{"start":{"line":12,"column":4},"end":{"line":12,"column":4}},{"start":{"line":12,"column":4},"end":{"line":12,"column":4}}]},"3":{"line":20,"type":"if","locations":[{"start":{"line":20,"column":2},"end":{"line":20,"column":2}},{"start":{"line":20,"column":2},"end":{"line":20,"column":2}}]},"4":{"line":55,"type":"if","locations":[{"start":{"line":55,"column":2},"end":{"line":55,"column":2}},{"start":{"line":55,"column":2},"end":{"line":55,"column":2}}]},"5":{"line":99,"type":"if","locations":[{"start":{"line":99,"column":2},"end":{"line":99,"column":2}},{"start":{"line":99,"column":2},"end":{"line":99,"column":2}}]},"6":{"line":99,"type":"binary-expr","locations":[{"start":{"line":99,"column":5},"end":{"line":99,"column":10}},{"start":{"line":99,"column":14},"end":{"line":99,"column":38}}]},"7":{"line":120,"type":"if","locations":[{"start":{"line":120,"column":2},"end":{"line":120,"column":2}},{"start":{"line":120,"column":2},"end":{"line":120,"column":2}}]},"8":{"line":120,"type":"binary-expr","locations":[{"start":{"line":120,"column":5},"end":{"line":120,"column":10}},{"start":{"line":120,"column":14},"end":{"line":120,"column":33}}]},"9":{"line":144,"type":"binary-expr","locations":[{"start":{"line":144,"column":25},"end":{"line":144,"column":45}},{"start":{"line":144,"column":49},"end":{"line":144,"column":51}}]},"10":{"line":163,"type":"if","locations":[{"start":{"line":163,"column":2},"end":{"line":163,"column":2}},{"start":{"line":163,"column":2},"end":{"line":163,"column":2}}]},"11":{"line":163,"type":"binary-expr","locations":[{"start":{"line":163,"column":5},"end":{"line":163,"column":18}},{"start":{"line":163,"column":22},"end":{"line":163,"column":39}}]},"12":{"line":178,"type":"if","locations":[{"start":{"line":178,"column":2},"end":{"line":178,"column":2}},{"start":{"line":178,"column":2},"end":{"line":178,"column":2}}]},"13":{"line":219,"type":"binary-expr","locations":[{"start":{"line":219,"column":19},"end":{"line":219,"column":33}},{"start":{"line":219,"column":37},"end":{"line":219,"column":42}}]},"14":{"line":270,"type":"if","locations":[{"start":{"line":270,"column":2},"end":{"line":270,"column":2}},{"start":{"line":270,"column":2},"end":{"line":270,"column":2}}]},"15":{"line":278,"type":"if","locations":[{"start":{"line":278,"column":2},"end":{"line":278,"column":2}},{"start":{"line":278,"column":2},"end":{"line":278,"column":2}}]},"16":{"line":290,"type":"if","locations":[{"start":{"line":290,"column":8},"end":{"line":290,"column":8}},{"start":{"line":290,"column":8},"end":{"line":290,"column":8}}]},"17":{"line":307,"type":"if","locations":[{"start":{"line":307,"column":2},"end":{"line":307,"column":2}},{"start":{"line":307,"column":2},"end":{"line":307,"column":2}}]},"18":{"line":316,"type":"binary-expr","locations":[{"start":{"line":316,"column":54},"end":{"line":316,"column":70}},{"start":{"line":316,"column":74},"end":{"line":316,"column":86}},{"start":{"line":316,"column":90},"end":{"line":316,"column":107}}]},"19":{"line":323,"type":"binary-expr","locations":[{"start":{"line":323,"column":37},"end":{"line":323,"column":54}},{"start":{"line":323,"column":58},"end":{"line":323,"column":70}}]},"20":{"line":324,"type":"binary-expr","locations":[{"start":{"line":324,"column":40},"end":{"line":324,"column":60}},{"start":{"line":324,"column":64},"end":{"line":324,"column":82}}]},"21":{"line":328,"type":"binary-expr","locations":[{"start":{"line":328,"column":13},"end":{"line":328,"column":25}},{"start":{"line":328,"column":29},"end":{"line":328,"column":32}}]}},"code":["var util = require('util')","  , child_process = require('child_process')","  , http = require('http')","  , path = require('path')","  , fs = require('fs')","  , siege_attack = require('./siege_attack')","  , __slice = Array.prototype.slice","  ;","","var Siege = function(path, options) {","  if(!options) {","    if(typeof path == 'object') {","      options = path","      path = undefined","    } else {","      options = {}","    }","  }","","  if(path) {","    options.serve = path","  }","","  options.tasks = []","","  this.tasks = []","  this.options = options","  this.current_task = null","","  var self = this","  this.__defineGetter__('withCookie', function() {","      self.options.enableCookie = true","      return self","  })","","  this.__defineGetter__('with304', function() {","      self.options.enable304 = true","      return self","  })","","  this.__defineGetter__('withoutCookie', function() {","      self.options.enableCookie = false","      return self","  })","","  this.__defineGetter__('without304', function() {","      self.options.enable304 = false","      return self","  })","}","","var siege = Siege.prototype","","siege.on = function(port) {","  if(/\\d+/.test(port))","    this.options.port = port","  else","    this.options.sockpath = port","  return this","}","","siege.host = function(host) {","  this.options.host = host","  return this","}","","siege.hostname = function(hostname) {","  this.options.hostname = hostname","  return this","}","","siege.rejectUnauthorized = function(rejectUnauthorized) {","  this.options.rejectUnauthorized = rejectUnauthorized","  return this","}","","siege.requestCert = function(requestCert) {","  this.options.requestCert = requestCert","  return this","}","","siege.agent = function(agent) {","  this.options.agent = agent","  return this","}","","siege.sslProtocol = function(sslProtocol) {","  this.options.sslProtocol = sslProtocol","  return this","}","","siege.concurrent = function(concurrent) {","  this.options.concurrent = concurrent","  return this","}","","siege.describe = function(description) {","  var task = this.current_task","  if(!task || task.options.description) {","    task = this._newtask()","  }","  task.options.description = description","  return task","}","","siege.wait = function(wait) {","  this.options.wait = wait","  return this","}","","siege._newtask = function() {","  var task = new Task(this)","  this.tasks.push(task)","  this.current_task = task","  return task","}","","siege.request = function(options) {","  var task = this.current_task","  if(!task || task.options.method) {","    task = this._newtask()","  }","  task.request(options)","  return task","}","","siege.get = function(url, query) {","  return this.request({","      path: url","    , method: 'GET'","    , query: query","  })","}","","siege.post = function(url, body) {","  return this.request({","      path: url","    , method: 'POST'","    , body: body","  })","}","","siege.set = function(name, value) {","  this.options.headers = this.options.headers || {}","  this.options.headers[name] = value","  return this","}","","siege.for = function(num) {","  return new For(this, num)","}","","siege.report = function(options) {","  this.options.report = options","  return this","}","","siege.attack = function() {","  var options = this.options","  this.tasks.forEach(function(task){","      options.tasks.push(task.options)","  })","  if(!options.port && !options.sockpath) {","    options.sockpath = '/tmp/siege.sock'","  }","","  queueSiege(this.options)","}","","function SiegeWrap(siege) {","  this.siege = siege","}","","var wrap = SiegeWrap.prototype","","// default wrap",";['request', 'get', 'post', 'attack', 'describe'].forEach(function(name){","  if(name[0] != '_') wrap[name] = function() {","    var args = __slice.call(arguments)","    return siege[name].apply(this.siege, args)","  }","})","","function Task(siege) {","  this.siege = siege","  this.options = {}","  var self = this","","  this.__defineGetter__('withCookie', function() {","      self.options.enableCookie = true","      return self","  })","","  this.__defineGetter__('with304', function() {","      self.options.enable304 = true","      return self","  })","","  this.__defineGetter__('withoutCookie', function() {","      self.options.enableCookie = false","      return self","  })","","  this.__defineGetter__('without304', function() {","      self.options.enable304 = false","      return self","  })","}","","util.inherits(Task, SiegeWrap)","","var task = Task.prototype","","task.for = function(num) {","  return new For(this, num)","}","","task.request = function(options) {","  options.method = options.method || 'GET'","  merge(this.options, options)","}","","task.concurrent = function(concurrent) {","  this.options.concurrent = concurrent","  return this","}","","/**"," * options"," *    rps : true"," *    status: true"," *    timeout: true"," *    responseTime: ['max', 'min', 'max', 'most']"," *    weight: true"," *    graph: {"," *      dot: /path/to/dot.png"," *      line: /path/to/line.png // timebase"," *      c2mem: /path/to
[...]
{"line":177,"column":6},"end":{"line":177,"column":6}}]},"31":{"line":177,"type":"binary-expr","locations":[{"start":{"line":177,"column":9},"end":{"line":177,"column":40}},{"start":{"line":177,"column":44},"end":{"line":177,"column":54}}]},"32":{"line":180,"type":"if","locations":[{"start":{"line":180,"column":10},"end":{"line":180,"column":10}},{"start":{"line":180,"column":10},"end":{"line":180,"column":10}}]},"33":{"line":186,"type":"if","locations":[{"start":{"line":186,"column":6},"end":{"line":186,"column":6}},{"start":{"line":186,"column":6},"end":{"line":186,"column":6}}]},"34":{"line":186,"type":"binary-expr","locations":[{"start":{"line":186,"column":10},"end":{"line":186,"column":29}},{"start":{"line":186,"column":33},"end":{"line":186,"column":61}}]},"35":{"line":194,"type":"if","locations":[{"start":{"line":194,"column":10},"end":{"line":194,"column":10}},{"start":{"line":194,"column":10},"end":{"line":194,"column":10}}]},"36":{"line":196,"type":"if","locations":[{"start":{"line":196,"column":12},"end":{"line":196,"column":12}},{"start":{"line":196,"column":12},"end":{"line":196,"column":12}}]},"37":{"line":202,"type":"if","locations":[{"start":{"line":202,"column":14},"end":{"line":202,"column":14}},{"start":{"line":202,"column":14},"end":{"line":202,"column":14}}]},"38":{"line":203,"type":"if","locations":[{"start":{"line":203,"column":14},"end":{"line":203,"column":14}},{"start":{"line":203,"column":14},"end":{"line":203,"column":14}}]},"39":{"line":207,"type":"binary-expr","locations":[{"start":{"line":207,"column":40},"end":{"line":207,"column":62}},{"start":{"line":207,"column":66},"end":{"line":207,"column":67}}]},"40":{"line":218,"type":"if","locations":[{"start":{"line":218,"column":10},"end":{"line":218,"column":10}},{"start":{"line":218,"column":10},"end":{"line":218,"column":10}}]},"41":{"line":224,"type":"if","locations":[{"start":{"line":224,"column":12},"end":{"line":224,"column":12}},{"start":{"line":224,"column":12},"end":{"line":224,"column":12}}]},"42":{"line":239,"type":"if","locations":[{"start":{"line":239,"column":6},"end":{"line":239,"column":6}},{"start":{"line":239,"column":6},"end":{"line":239,"column":6}}]},"43":{"line":239,"type":"binary-expr","locations":[{"start":{"line":239,"column":9},"end":{"line":239,"column":41}},{"start":{"line":239,"column":45},"end":{"line":239,"column":54}}]},"44":{"line":246,"type":"if","locations":[{"start":{"line":246,"column":8},"end":{"line":246,"column":8}},{"start":{"line":246,"column":8},"end":{"line":246,"column":8}}]},"45":{"line":267,"type":"switch","locations":[{"start":{"line":268,"column":8},"end":{"line":279,"column":13}},{"start":{"line":280,"column":8},"end":{"line":317,"column":30}}]},"46":{"line":281,"type":"if","locations":[{"start":{"line":281,"column":8},"end":{"line":281,"column":8}},{"start":{"line":281,"column":8},"end":{"line":281,"column":8}}]},"47":{"line":285,"type":"if","locations":[{"start":{"line":285,"column":8},"end":{"line":285,"column":8}},{"start":{"line":285,"column":8},"end":{"line":285,"column":8}}]},"48":{"line":286,"type":"cond-expr","locations":[{"start":{"line":286,"column":36},"end":{"line":286,"column":71}},{"start":{"line":286,"column":76},"end":{"line":286,"column":114}}]},"49":{"line":289,"type":"cond-expr","locations":[{"start":{"line":289,"column":61},"end":{"line":289,"column":119}},{"start":{"line":289,"column":123},"end":{"line":289,"column":125}}]},"50":{"line":293,"type":"if","locations":[{"start":{"line":293,"column":12},"end":{"line":293,"column":12}},{"start":{"line":293,"column":12},"end":{"line":293,"column":12}}]},"51":{"line":295,"type":"if","locations":[{"start":{"line":295,"column":19},"end":{"line":295,"column":19}},{"start":{"line":295,"column":19},"end":{"line":295,"column":19}}]},"52":{"line":297,"type":"if","locations":[{"start":{"line":297,"column":19},"end":{"line":297,"column":19}},{"start":{"line":297,"column":19},"end":{"line":297,"column":19}}]},"53":{"line":299,"type":"if","locations":[{"start":{"line":299,"column":19},"end":{"line":299,"column":19}},{"start":{"line":299,"column":19},"end":{"line":299,"column":19}}]},"54":{"line":304,"type":"if","locations":[{"start":{"line":304,"column":12},"end":{"line":304,"column":12}},{"start":{"line":304,"column":12},"end":{"line":304,"column":12}}]},"55":{"line":304,"type":"binary-expr","locations":[{"start":{"line":304,"column":16},"end":{"line":304,"column":35}},{"start":{"line":304,"column":39},"end":{"line":304,"column":67}}]},"56":{"line":328,"type":"if","locations":[{"start":{"line":328,"column":6},"end":{"line":328,"column":6}},{"start":{"line":328,"column":6},"end":{"line":328,"column":6}}]},"57":{"line":334,"type":"binary-expr","locations":[{"start":{"line":334,"column":18},"end":{"line":334,"column":26}},{"start":{"line":334,"column":30},"end":{"line":334,"column":59}}]}},"code":["var http = require('http')","  , https = require('https')","  , querystring = require('querystring')","  , util = require('util')","  , cookiejar = require('cookiejar')","  , CookieJar = cookiejar.CookieJar","  , out = process.stdout","  ;","","// http://bluesock.org/~willg/dev/ansi.html","","var HIDE_CURSOR = '\\033[?25l'","var SHOW_CURSOR = '\\033[?25h'","var CLEAR_SCREEN = '\\033[2J'","var ERASE_LINE = '\\033[K'","var RESET_STYLE = '\\033[0m'","","function clearScreen() {","  out.write(CLEAR_SCREEN)","}","","function upLine(line) {","  out.write('\\033[' + (line || 1) + 'A')","}","","function gotoLine(line, col) {","  out.write('\\033[' + (line | 0) + ';' + (col | 0) + 'H')","}","","// 0-5","function background(r, g, b) {","  return '\\033[48;5;' + rgb5(r, g, b) + 'm'","}","","// 0-5","function forground(r, g, b) {","  var code = rgb5(r, g, b);","  return '\\033[38;5;' + code + 'm'","}","","/**"," * Translates a 255 RGB value to a 0-5 ANSI RGV value,"," * then returns the single ANSI color code to use."," */","","function rgb (r, g, b) {","  var red = r / 51 // /255 * 5","    , green = g / 51 // /255 * 5","    , blue = b / 51 // /255 * 5","  return rgb5(red, green, blue)","}","","/**"," * Turns rgb 0-5 values into a single ANSI color code to use."," */","","function rgb5 (r, g, b) {","  var red = Math.round(r)","    , green = Math.round(g)","    , blue = Math.round(b)","  return 16 + (red*36) + (green*6) + blue","}","","// red to green","gradeColors = [ 196, 202, 166, 172, 136, 142, 106, 112, 76, 46 ].map(function(color){","    return '\\033[38;5;' + color + 'm'","})","// return grade color, big is better","function gradeColor(value, worst, best) {","  var score = (value - worst) / (best - worst)","  score = Math.min(Math.max(score, 0), 1)","  var index = Math.round(score * 9)","  return gradeColors[index]","}","","module.exports = function(options, callback) {","","  var taskIndex = 0","    , globalJar","    ;","","  out.write('\\n')","","  if(options.enableCookie) {","    globalJar = new CookieJar()","    out.write('\\033[38;5;46mEnable cookie\\033[0m\\n')","  }","","  function nextTask() {","","    var task = options.tasks[taskIndex ++]","    if(!task) {","      if(callback) callback()","      process.exit()","    }","","    var enableCookie = task.enableCookie || (task.enableCookie === undefined && options.enableCookie)","    var jar = enableCookie && (globalJar || new CookieJar())","    var startTime = Date.now();","    var intervalStart = startTime;","    var intervalDone = 0;","    var running = 0;","    var done = 0;","    var concurrent = options.concurrent || 15;","    var repeat = task.repeat || options.repeat;","    var duration = task.duration || options.duration;","    if(!duration && !repeat) {","      duration = 10000","    }","    if (options.sslProtocol && options.sslProtocol === true) {","      concurrent = https.globalAgent.maxSockets = task.concurrent || options.concurrent || 15;","    } else {","      concurrent = http.globalAgent.maxSockets = task.concurrent || options.concurrent || 15;","    }","","    var left = typeof repeat == 'undefined' ? Number.MAX_VALUE : repeat;","","    var min = Number.MAX_VALUE","    var max = 0;","    var avg = 0;","    var rps = 0;","    var errorsCount = 0;","    var errors = {};","    var status = {};","","    var sumTime = 0;","","    var headers = options.headers || {}","","    var requestOptions = {","      path: task.path","    , method: task.method","    , headers: headers","    }","","    if(options.sockpath) {","      requestOptions.socketPath = options.sockpath","    } else {","      requestOptions.port = options.port","      if (options.host) {","        requestOptions.host = options.host","      }","      if (options.hostname) {","        requestOptions.hostname = options.hostname","      }","    }","    if (options.rejectUnauthorized) {","      requestOptions.rejectUnauthorized = options.rejectUnauthorized;","    }","    if (options.requestCert) {","      requestOptions.requestCert = options.requestCert;","    }","    if (options.agent) {","      requestOptions.agent = options.agent;","    }","","    var cookieAccessInfo = cookiejar.CookieAccessInfo(requestOptions.host, requestOptions.path)","","    function sendRequest() {","      if(running > concurrent || left <=0) return;","      if(running ++ < concurrent) process.nextTick(sendRequest);","","      if(enableCookie) {","        headers['Cookie'] = jar.getCookies(cookieAccessInfo).map(function(cookie) {return cookie.toValueString()}).join(';')","      }","","      // Add POST Headers for POST Requests","      if(requestOptions.method === 'POST' && task.body) {","        headers['Content-Type'] = 'application/x-www-form-urlencoded'","        headers['Content-Length'] = querystring.stringify(task.body).length","      }","","      var reqStartTime = Date.now();","      var req;","","      // Add QueryString to URL for GET Requests with Parameters","      if(requestOptions.method === 'GET' && task.query) {","          // Reset query string if present","          var hasQuery = requestOptions.path.indexOf('?')","          if(hasQuery > 0) {","            requestOptions.path = requestOptions.path.substring(0,hasQuery)","          }","          requestOptions.path = requestOptions.path + \"?\" + querystring.stringify(task.query)","      }","","      if (options.sslProtocol && options.sslProtocol === true) {","        req = https.request(requestOptions,handleRequest);","      } else {","        req = http.request(requestOptions,handleRequest);","      }","","      function handleRequest(res) {","","          if(enableCookie) {","            var cookies = res.headers['set-cookie']","            if(cookies) jar.setCookies(cookies)","          }","","          res.on('end', function() {","              var resEndTime = Date.now();","              var elapsed = resEndTime - reqStartTime;","              if(elapsed < min) min = elapsed;","              if(elapsed > max) max = elapsed;","              sumTime += elapsed;","              intervalDone ++;","              done ++;","              status[res.statusCode] = (status[res.statusCode] || 0) + 1","","              endRequest();","          })","","          res.resume()","","      }","","      req.on('error', function(err){","          var data = errors[err.message];","          if(!data) {","            data = errors[err.message] = {","              message: err.message","            , stack: err.stack","            , count: 1","            }","            if(!firstTime) {","              upLine(5)","              out.write('\\033[K\\n\\033[K\\n\\033[K\\n\\033[K\\n\\033[K\\n')","              upLine(5)","            }","            console.log(err.stack)","            firstTime = true","          }","          data.count ++","          errorsCount ++","          endRequest()","      })","","","      // Add POST Body for POST requests","      if(requestOptions.method === 'POST' && task.body) {","          req.write(querystring.stringify(task.body));","      }","","      req.end();","","      function endRequest() {","        if(--left == 0) {","          endTask();","        }","        running --;","        process.nextTick(sendRequest);","      }","    }","","","    function updateTaskData() {","      var now = Date.now()","      avg = sumTime / done;","      rps = done * 1000 / (now - startTime)","      realtime_rps = intervalDone * 1000 / (now - intervalStart)","      intervalStart = now","      intervalDone = 0","      reportData()","    }","","    var firstTime = true;","    function reportData(type) {","      switch(type) {","        case 'csv':","        out.write(util.format('\\r%s:%s\\t%s(done)\\t%s(rps)\\t%s(curr rps)\\t%sms(min)\\t%sms(max)\\t%sms(avg)'","          , task.method","          , task.path","          , done","          , gradeColor(rps, 1000, 5000) + parseInt(rps) //+ RESET_STYLE","          , gradeColor(realtime_rps, 1000, 5000) + parseInt(realtime_rps)// + RESET_STYLE","          , gradeColor(min, 50, 10) + parseInt(min) //+ RESET_STYLE","          , gradeColor(max, 50, 10) + parseInt(max) //+ RESET_STYLE","          , gradeColor(avg, 50, 10) + parseInt(avg) //+ RESET_STYLE","        ));","        break","        default:","        if(!firstTime) {","          upLine(5)","        }","        out.write('\\n\\033[K' + task.method + ':' + task.path)","        if(task.enableCookie !== undefined) {","          out.write(enableCookie ? (forground(0, 5, 0) + ' with cookie') : (forground(5, 5, 0) + ' without cookie'))","          out.write(RESET_STYLE)","        }","        out.write('\\n\\033[K\\tdone:' + done + (errorsCount ? ('\\terrors:' + forground(5,0,0) + errorsCount + RESET_STYLE) : '' ))","        out.write('\\n\\033[K')","        Object.keys(status).forEach(function(code){","            var score","            if(code >= 500) {","              score = 0","            } else if(code >= 400) {","              score = 3","            } else if (code >= 300) {","              score = 8","            } else if (code >= 200) {","              score = 10","            } else {","              score = 7","            }","            if (options.sslProtocol && options.sslProtocol === true) {","              out.write('\\t' + gradeColor(score, 0, 10) + code + RESET_STYLE + ' ' + https.STATUS_CODES[code] + ': ' + status[code])","            } else {","              out.write('\\t' + gradeColor(score, 0, 10) + code + RESET_STYLE + ' ' + http.STATUS_CODES[code] + ': ' + status[code])","            }","        })","        out.write(","          util.format('\\n\\033[K\\trps: %s\\n\\033[K\\tresponse: %sms(min)\\t%sms(max)\\t%sms(avg)\\033[K'","          , gradeColor(rps, 2000, 7000) +  parseInt(rps)  + RESET_STYLE","          , gradeColor(min, 50, 10) +  parseInt(min)  + RESET_STYLE","          , gradeColor(max, 50, 10) +  parseInt(max)  + RESET_STYLE","          , gradeColor(avg, 50, 10) +  parseInt(avg)  + RESET_STYLE","        ))","        out.write(HIDE_CURSOR)","      }","      firstTime = false","    }","","    function endTask () {","      var ending = Date.now();","      left = 0;","      updateTaskData()","      console.log('')","      clearInterval(timer)","      if(timeout) clearTimeout(timeout)","      process.nextTick(nextTask)","    }","","    var timer = setInterval(updateTaskData, 100);","","    var timeout = duration && setTimeout(endTask, duration)","","    sendRequest();","","  }","","  nextTask()","","  function halt() {","    out.write(SHOW_CURSOR)","  }","","  return {","    halt: halt","  }","","}","",""],"l":{"1":1,"12":1,"13":1,"14":1,"15":1,"16":1,"18":1,"19":0,"22":1,"23":0,"26":1,"27":0,"31":1,"32":0,"36":1,"37":0,"38":0,"46":1,"47":0,"50":0,"57":1,"58":0,"61":0,"65":1,"66":10,"69":1,"70":0,"71":0,"72":0,"73":0,"76":1,"78":0,"82":0,"84":0,"85":0,"86":0,"89":1,"91":0,"92":0,"93":0,"94":0,"97":0,"98":0,"99":0,"100":0,"101":0,"102":0,"103":0,"104":0,"105":0,"106":0,"107":0,"108":0,"110":0,"111":0,"113":0,"116":0,"118":0,"119":0,"120":0,"121":0,"122":0,"123":0,"124":0,"126":0,"128":0,"130":0,"136":0,"137":0,"139":0,"140":0,"141":0,"143":0,"144":0,"147":0,"148":0,"150":0,"151":0,"153":0,"154":0,"157":0,"159":1,"160":0,"161":0,"163":0,"164":0,"168":0,"169":0,"170":0,"173":0,"174":0,"177":0,"179":0,"180":0,"181":0,"183":0,"186":0,"187":0,"189":0,"192":1,"194":0,"195":0,"196":0,"199":0,"200":0,"201":0,"202":0,"203":0,"204":0,"205":0,"206":0,"207":0,"209":0,"212":0,"216":0,"217":0,"218":0,"219":0,"224":0,"225":0,"226":0,"227":0,"229":0,"230":0,"232":0,"233":0,"234":0,"239":0,"240":0,"243":0,"245":1,"246":0,"247":0,"249":0,"250":0,"255":1,"256":0,"257":0,"258":0,"259":0,"260":0,"261":0,"262":0,"265":0,"266":1,"267":0,"269":0,"279":0,"281":0,"282":0,"284":0,"285":0,"286":0,"287":0,"289":0,"290":0,"291":0,"292":0,"293":0,"294":0,"295":0,"296":0,"297":0,"298":0,"299":0,"300":0,"302":0,"304":0,"305":0,"307":0,"310":0,"317":0,"319":0,"322":1,"323":0,"324":0,"325":0,"326":0,"327":0,"328":0,"329":0,"332":0,"334":0,"336":0,"340":0,"342":1,"343":0,"346":0}},"/home/travis/build/npmtest/node-npmtest-siege/node_modules/siege/siege_server.js":{"path":"/home/travis/build/npmtest/node-npmtest-siege/node_modules/siege/siege_server.js","s":{"1":2,"2":2,"3":2,"4":2,"5":0,"6":2,"7":2,"8":2,"9":2,"10":2,"11":2,"12":0,"13":0,"14":0,"15":0,"16":0,"17":0},"b":{"1":[2,0],"2":[2,0],"3":[0,0]},"f":{"1":0},"fnMap":{"1":{"name":"(anonymous_1)","line":16,"loc":{"start":{"line":16,"column":21},"end":{"line":16,"column":31}}}},"statementMap":{"1":{"start":{"line":1,"column":0},"end":{"line":3,"column":34}},"2":{"start":{"line":7,"column":0},"end":{"line":7,"column":17}},"3":{"start":{"line":11,"column":0},"end":{"line":14,"column":66}},"4":{"start":{"line":16,"column":0},"end":{"line":18,"column":3}},"5":{"start":{"line":17,"column":2},"end":{"line":17,"column":18}},"6":{"start":{"line":20,"column":0},"end":{"line":20,"column":28}},"7":{"start":{"line":22,"column":0},"end":{"line":22,"column":25}},"8":{"start":{"line":23,"column":0},"end":{"line":23,"column":23}},"9":{"start":{"line":24,"column":0},"end":{"line":24,"column":44}},"10":{"start":{"line":26,"column":0},"end":{"line":26,"column":76}},"11":{"start":{"line":26,"column":18},"end":{"line":26,"column":76}},"12":{"start":{"line":28,"column":0},"end":{"line":28,"column":22}},"13":{"start":{"line":30,"column":0},"end":{"line":30,"column":49}},"14":{"start":{"line":30,"column":9},"end":{"line":30,"column":49}},"15":{"start":{"line":32,"column":0},"end":{"line":32,"column":41}},"16":{"start":{"line":33,"column":0},"end":{"line":33,"column":35}},"17":{"start":{"line":34,"column":0},"end":{"line":34,"column":40}}},"branchMap":{"1":{"line":26,"type":"if","locations":[{"start":{"line":26,"column":0},"end":{"line":26,"column":0}},{"start":{"line":26,"column":0},"end":{"line":26,"column":0}}]},"2":{"line":26,"type":"binary-expr","locations":[{"start":{"line":26,"column":3},"end":{"line":26,"column":7}},{"start":{"line":26,"column":11},"end":{"line":26,"column":16}}]},"3":{"line":30,"type":"if","locations":[{"start":{"line":30,"column":0},"end":{"line":30,"column":0}},{"start":{"line":30,"column":0},"end":{"line":30,"column":0}}]}},"code":["var http = require('http')","  , path = require('path')","  , program = require('commander')","","// jade options","","var options = {};","","// options","","program","  .version('0.0.1')","  .usage('[options] [dir|file ...]')","  .option('-p, --port <str>', 'filename used to resolve includes')","","program.on('--help', function(){","  console.log('');","});","","program.parse(process.argv);","","var APP = program.args[0]","var PORT = program.port","console.log('starting siege_server %s', APP)","","if(!APP || !PORT) throw new Error('node siege_server.js --port port app.js')","","var app = require(APP)","","if(!app) throw new Error('app not found, ' + APP)","","console.log('try to listen at %s', PORT);","http.createServer(app).listen(PORT)","console.log('server listen at %s', PORT)",""],"l":{"1":2,"7":2,"11":2,"16":2,"17":0,"20":2,"22":2,"23":2,"24":2,"26":2,"28":0,"30":0,"32":0,"33":0,"34":0}}}